This file contains any messages produced by compilers while
running configure, to aid debugging if configure makes a mistake.

It was created by bambed configure 1.0, which was
generated by GNU Autoconf 2.69.  Invocation command line was

  $ ./configure --prefix=/Users/andy LDFLAGS=-L/Users/andy/lib CFLAGS=-I/Users/andy/include

## --------- ##
## Platform. ##
## --------- ##

hostname = Sneezer.local
uname -m = x86_64
uname -r = 13.1.0
uname -s = Darwin
uname -v = Darwin Kernel Version 13.1.0: Wed Apr  2 23:52:02 PDT 2014; root:xnu-2422.92.1~2/RELEASE_X86_64

/usr/bin/uname -p = i386
/bin/uname -X     = unknown

/bin/arch              = unknown
/usr/bin/arch -k       = unknown
/usr/convex/getsysinfo = unknown
/usr/bin/hostinfo      = Mach kernel version:
	 Darwin Kernel Version 13.1.0: Wed Apr  2 23:52:02 PDT 2014; root:xnu-2422.92.1~2/RELEASE_X86_64
Kernel configured for up to 4 processors.
2 processors are physically available.
4 processors are logically available.
Processor type: i486 (Intel 80486)
Processors active: 0 1 2 3
Primary memory available: 8.00 gigabytes
Default processor set: 188 tasks, 840 threads, 4 processors
Load average: 1.72, Mach factor: 2.27
/bin/machine           = unknown
/usr/bin/oslevel       = unknown
/bin/universe          = unknown

PATH: /opt/local/bin
PATH: /opt/local/sbin
PATH: /opt/local/bin
PATH: /opt/local/sbin
PATH: /Applications/Xcode.app/Contents/Developer/usr/bin
PATH: /Users/andy/Installs/bin
PATH: /Users/andy/Installs/ec2-api-tools/bin
PATH: /usr/bin
PATH: /bin
PATH: /usr/sbin
PATH: /sbin
PATH: /usr/local/bin
PATH: /opt/X11/bin
PATH: /usr/local/MacGPG2/bin
PATH: /usr/texbin
PATH: /Users/andy/bin/x86_64


## ----------- ##
## Core tests. ##
## ----------- ##

configure:2389: checking build system type
configure:2403: result: x86_64-apple-darwin13.1.0
configure:2423: checking host system type
configure:2436: result: x86_64-apple-darwin13.1.0
configure:2456: checking target system type
configure:2469: result: x86_64-apple-darwin13.1.0
configure:2512: checking for a BSD-compatible install
configure:2580: result: /usr/bin/install -c
configure:2591: checking whether build environment is sane
configure:2646: result: yes
configure:2797: checking for a thread-safe mkdir -p
configure:2836: result: ./install-sh -c -d
configure:2843: checking for gawk
configure:2873: result: no
configure:2843: checking for mawk
configure:2873: result: no
configure:2843: checking for nawk
configure:2873: result: no
configure:2843: checking for awk
configure:2859: found /usr/bin/awk
configure:2870: result: awk
configure:2881: checking whether make sets $(MAKE)
configure:2903: result: yes
configure:2932: checking whether make supports nested variables
configure:2949: result: yes
configure:3127: checking for gcc
configure:3143: found /Applications/Xcode.app/Contents/Developer/usr/bin/gcc
configure:3154: result: gcc
configure:3383: checking for C compiler version
configure:3392: gcc --version >&5
Apple LLVM version 5.1 (clang-503.0.40) (based on LLVM 3.4svn)
Target: x86_64-apple-darwin13.1.0
Thread model: posix
Configured with: --prefix=/Applications/Xcode.app/Contents/Developer/usr --with-gxx-include-dir=/usr/include/c++/4.2.1
configure:3403: $? = 0
configure:3392: gcc -v >&5
Configured with: --prefix=/Applications/Xcode.app/Contents/Developer/usr --with-gxx-include-dir=/usr/include/c++/4.2.1
Apple LLVM version 5.1 (clang-503.0.40) (based on LLVM 3.4svn)
Target: x86_64-apple-darwin13.1.0
Thread model: posix
configure:3403: $? = 0
configure:3392: gcc -V >&5
clang: error: argument to '-V' is missing (expected 1 value)
clang: error: no input files
configure:3403: $? = 1
configure:3392: gcc -qversion >&5
clang: error: unknown argument: '-qversion' [-Wunused-command-line-argument-hard-error-in-future]
clang: note: this will be a hard error (cannot be downgraded to a warning) in the future
clang: error: no input files
configure:3403: $? = 1
configure:3423: checking whether the C compiler works
configure:3445: gcc -I/Users/andy/include  -L/Users/andy/lib conftest.c  >&5
configure:3449: $? = 0
configure:3497: result: yes
configure:3500: checking for C compiler default output file name
configure:3502: result: a.out
configure:3508: checking for suffix of executables
configure:3515: gcc -o conftest -I/Users/andy/include  -L/Users/andy/lib conftest.c  >&5
configure:3519: $? = 0
configure:3541: result: 
configure:3563: checking whether we are cross compiling
configure:3571: gcc -o conftest -I/Users/andy/include  -L/Users/andy/lib conftest.c  >&5
configure:3575: $? = 0
configure:3582: ./conftest
configure:3586: $? = 0
configure:3601: result: no
configure:3606: checking for suffix of object files
configure:3628: gcc -c -I/Users/andy/include  conftest.c >&5
configure:3632: $? = 0
configure:3653: result: o
configure:3657: checking whether we are using the GNU C compiler
configure:3676: gcc -c -I/Users/andy/include  conftest.c >&5
configure:3676: $? = 0
configure:3685: result: yes
configure:3694: checking whether gcc accepts -g
configure:3714: gcc -c -g  conftest.c >&5
configure:3714: $? = 0
configure:3755: result: yes
configure:3772: checking for gcc option to accept ISO C89
configure:3835: gcc  -c -I/Users/andy/include  conftest.c >&5
configure:3835: $? = 0
configure:3848: result: none needed
configure:3873: checking whether gcc understands -c and -o together
configure:3895: gcc -c conftest.c -o conftest2.o
configure:3898: $? = 0
configure:3895: gcc -c conftest.c -o conftest2.o
configure:3898: $? = 0
configure:3910: result: yes
configure:3938: checking for style of include used by make
configure:3966: result: GNU
configure:3992: checking dependency style of gcc
configure:4103: result: gcc3
configure:4161: checking for ranlib
configure:4177: found /opt/local/bin/ranlib
configure:4188: result: ranlib
configure:4218: checking whether to enable maintainer-specific portions of Makefiles
configure:4227: result: no
configure:4256: checking how to run the C preprocessor
configure:4287: gcc -E  conftest.c
configure:4287: $? = 0
configure:4301: gcc -E  conftest.c
conftest.c:11:10: fatal error: 'ac_nonexistent.h' file not found
#include <ac_nonexistent.h>
         ^
1 error generated.
configure:4301: $? = 1
configure: failed program was:
| /* confdefs.h */
| #define PACKAGE_NAME "bambed"
| #define PACKAGE_TARNAME "bambed"
| #define PACKAGE_VERSION "1.0"
| #define PACKAGE_STRING "bambed 1.0"
| #define PACKAGE_BUGREPORT ""
| #define PACKAGE_URL ""
| #define PACKAGE "bambed"
| #define VERSION "1.0"
| /* end confdefs.h.  */
| #include <ac_nonexistent.h>
configure:4326: result: gcc -E
configure:4346: gcc -E  conftest.c
configure:4346: $? = 0
configure:4360: gcc -E  conftest.c
conftest.c:11:10: fatal error: 'ac_nonexistent.h' file not found
#include <ac_nonexistent.h>
         ^
1 error generated.
configure:4360: $? = 1
configure: failed program was:
| /* confdefs.h */
| #define PACKAGE_NAME "bambed"
| #define PACKAGE_TARNAME "bambed"
| #define PACKAGE_VERSION "1.0"
| #define PACKAGE_STRING "bambed 1.0"
| #define PACKAGE_BUGREPORT ""
| #define PACKAGE_URL ""
| #define PACKAGE "bambed"
| #define VERSION "1.0"
| /* end confdefs.h.  */
| #include <ac_nonexistent.h>
configure:4389: checking for grep that handles long lines and -e
configure:4447: result: /usr/bin/grep
configure:4452: checking for egrep
configure:4514: result: /usr/bin/grep -E
configure:4519: checking for ANSI C header files
configure:4539: gcc -c -I/Users/andy/include  conftest.c >&5
configure:4539: $? = 0
configure:4612: gcc -o conftest -I/Users/andy/include  -L/Users/andy/lib conftest.c  >&5
configure:4612: $? = 0
configure:4612: ./conftest
configure:4612: $? = 0
configure:4623: result: yes
configure:4636: checking for sys/types.h
configure:4636: gcc -c -I/Users/andy/include  conftest.c >&5
configure:4636: $? = 0
configure:4636: result: yes
configure:4636: checking for sys/stat.h
configure:4636: gcc -c -I/Users/andy/include  conftest.c >&5
configure:4636: $? = 0
configure:4636: result: yes
configure:4636: checking for stdlib.h
configure:4636: gcc -c -I/Users/andy/include  conftest.c >&5
configure:4636: $? = 0
configure:4636: result: yes
configure:4636: checking for string.h
configure:4636: gcc -c -I/Users/andy/include  conftest.c >&5
configure:4636: $? = 0
configure:4636: result: yes
configure:4636: checking for memory.h
configure:4636: gcc -c -I/Users/andy/include  conftest.c >&5
configure:4636: $? = 0
configure:4636: result: yes
configure:4636: checking for strings.h
configure:4636: gcc -c -I/Users/andy/include  conftest.c >&5
configure:4636: $? = 0
configure:4636: result: yes
configure:4636: checking for inttypes.h
configure:4636: gcc -c -I/Users/andy/include  conftest.c >&5
configure:4636: $? = 0
configure:4636: result: yes
configure:4636: checking for stdint.h
configure:4636: gcc -c -I/Users/andy/include  conftest.c >&5
configure:4636: $? = 0
configure:4636: result: yes
configure:4636: checking for unistd.h
configure:4636: gcc -c -I/Users/andy/include  conftest.c >&5
configure:4636: $? = 0
configure:4636: result: yes
configure:4651: checking jkweb/common.h usability
configure:4651: gcc -c -I/Users/andy/include  conftest.c >&5
configure:4651: $? = 0
configure:4651: result: yes
configure:4651: checking jkweb/common.h presence
configure:4651: gcc -E  conftest.c
conftest.c:21:10: fatal error: 'jkweb/common.h' file not found
#include <jkweb/common.h>
         ^
1 error generated.
configure:4651: $? = 1
configure: failed program was:
| /* confdefs.h */
| #define PACKAGE_NAME "bambed"
| #define PACKAGE_TARNAME "bambed"
| #define PACKAGE_VERSION "1.0"
| #define PACKAGE_STRING "bambed 1.0"
| #define PACKAGE_BUGREPORT ""
| #define PACKAGE_URL ""
| #define PACKAGE "bambed"
| #define VERSION "1.0"
| #define STDC_HEADERS 1
| #define HAVE_SYS_TYPES_H 1
| #define HAVE_SYS_STAT_H 1
| #define HAVE_STDLIB_H 1
| #define HAVE_STRING_H 1
| #define HAVE_MEMORY_H 1
| #define HAVE_STRINGS_H 1
| #define HAVE_INTTYPES_H 1
| #define HAVE_STDINT_H 1
| #define HAVE_UNISTD_H 1
| /* end confdefs.h.  */
| #include <jkweb/common.h>
configure:4651: result: no
configure:4651: WARNING: jkweb/common.h: accepted by the compiler, rejected by the preprocessor!
configure:4651: WARNING: jkweb/common.h: proceeding with the compiler's result
configure:4651: checking for jkweb/common.h
configure:4651: result: yes
configure:4651: checking beato/bigs.h usability
configure:4651: gcc -c -I/Users/andy/include  conftest.c >&5
In file included from conftest.c:55:
/Users/andy/include/beato/bigs.h:5:10: fatal error: 'hash.h' file not found
#include "hash.h"
         ^
1 error generated.
configure:4651: $? = 1
configure: failed program was:
| /* confdefs.h */
| #define PACKAGE_NAME "bambed"
| #define PACKAGE_TARNAME "bambed"
| #define PACKAGE_VERSION "1.0"
| #define PACKAGE_STRING "bambed 1.0"
| #define PACKAGE_BUGREPORT ""
| #define PACKAGE_URL ""
| #define PACKAGE "bambed"
| #define VERSION "1.0"
| #define STDC_HEADERS 1
| #define HAVE_SYS_TYPES_H 1
| #define HAVE_SYS_STAT_H 1
| #define HAVE_STDLIB_H 1
| #define HAVE_STRING_H 1
| #define HAVE_MEMORY_H 1
| #define HAVE_STRINGS_H 1
| #define HAVE_INTTYPES_H 1
| #define HAVE_STDINT_H 1
| #define HAVE_UNISTD_H 1
| #define HAVE_JKWEB_COMMON_H 1
| /* end confdefs.h.  */
| #include <stdio.h>
| #ifdef HAVE_SYS_TYPES_H
| # include <sys/types.h>
| #endif
| #ifdef HAVE_SYS_STAT_H
| # include <sys/stat.h>
| #endif
| #ifdef STDC_HEADERS
| # include <stdlib.h>
| # include <stddef.h>
| #else
| # ifdef HAVE_STDLIB_H
| #  include <stdlib.h>
| # endif
| #endif
| #ifdef HAVE_STRING_H
| # if !defined STDC_HEADERS && defined HAVE_MEMORY_H
| #  include <memory.h>
| # endif
| # include <string.h>
| #endif
| #ifdef HAVE_STRINGS_H
| # include <strings.h>
| #endif
| #ifdef HAVE_INTTYPES_H
| # include <inttypes.h>
| #endif
| #ifdef HAVE_STDINT_H
| # include <stdint.h>
| #endif
| #ifdef HAVE_UNISTD_H
| # include <unistd.h>
| #endif
| #include <beato/bigs.h>
configure:4651: result: no
configure:4651: checking beato/bigs.h presence
configure:4651: gcc -E  conftest.c
conftest.c:22:10: fatal error: 'beato/bigs.h' file not found
#include <beato/bigs.h>
         ^
1 error generated.
configure:4651: $? = 1
configure: failed program was:
| /* confdefs.h */
| #define PACKAGE_NAME "bambed"
| #define PACKAGE_TARNAME "bambed"
| #define PACKAGE_VERSION "1.0"
| #define PACKAGE_STRING "bambed 1.0"
| #define PACKAGE_BUGREPORT ""
| #define PACKAGE_URL ""
| #define PACKAGE "bambed"
| #define VERSION "1.0"
| #define STDC_HEADERS 1
| #define HAVE_SYS_TYPES_H 1
| #define HAVE_SYS_STAT_H 1
| #define HAVE_STDLIB_H 1
| #define HAVE_STRING_H 1
| #define HAVE_MEMORY_H 1
| #define HAVE_STRINGS_H 1
| #define HAVE_INTTYPES_H 1
| #define HAVE_STDINT_H 1
| #define HAVE_UNISTD_H 1
| #define HAVE_JKWEB_COMMON_H 1
| /* end confdefs.h.  */
| #include <beato/bigs.h>
configure:4651: result: no
configure:4651: checking for beato/bigs.h
configure:4651: result: no
configure:4651: checking arpa/inet.h usability
configure:4651: gcc -c -I/Users/andy/include  conftest.c >&5
configure:4651: $? = 0
configure:4651: result: yes
configure:4651: checking arpa/inet.h presence
configure:4651: gcc -E  conftest.c
configure:4651: $? = 0
configure:4651: result: yes
configure:4651: checking for arpa/inet.h
configure:4651: result: yes
configure:4651: checking fcntl.h usability
configure:4651: gcc -c -I/Users/andy/include  conftest.c >&5
configure:4651: $? = 0
configure:4651: result: yes
configure:4651: checking fcntl.h presence
configure:4651: gcc -E  conftest.c
configure:4651: $? = 0
configure:4651: result: yes
configure:4651: checking for fcntl.h
configure:4651: result: yes
configure:4651: checking float.h usability
configure:4651: gcc -c -I/Users/andy/include  conftest.c >&5
configure:4651: $? = 0
configure:4651: result: yes
configure:4651: checking float.h presence
configure:4651: gcc -E  conftest.c
configure:4651: $? = 0
configure:4651: result: yes
configure:4651: checking for float.h
configure:4651: result: yes
configure:4651: checking limits.h usability
configure:4651: gcc -c -I/Users/andy/include  conftest.c >&5
configure:4651: $? = 0
configure:4651: result: yes
configure:4651: checking limits.h presence
configure:4651: gcc -E  conftest.c
configure:4651: $? = 0
configure:4651: result: yes
configure:4651: checking for limits.h
configure:4651: result: yes
configure:4651: checking netdb.h usability
configure:4651: gcc -c -I/Users/andy/include  conftest.c >&5
configure:4651: $? = 0
configure:4651: result: yes
configure:4651: checking netdb.h presence
configure:4651: gcc -E  conftest.c
configure:4651: $? = 0
configure:4651: result: yes
configure:4651: checking for netdb.h
configure:4651: result: yes
configure:4651: checking netinet/in.h usability
configure:4651: gcc -c -I/Users/andy/include  conftest.c >&5
configure:4651: $? = 0
configure:4651: result: yes
configure:4651: checking netinet/in.h presence
configure:4651: gcc -E  conftest.c
configure:4651: $? = 0
configure:4651: result: yes
configure:4651: checking for netinet/in.h
configure:4651: result: yes
configure:4651: checking for stdlib.h
configure:4651: result: yes
configure:4651: checking for string.h
configure:4651: result: yes
configure:4651: checking for strings.h
configure:4651: result: yes
configure:4651: checking sys/file.h usability
configure:4651: gcc -c -I/Users/andy/include  conftest.c >&5
configure:4651: $? = 0
configure:4651: result: yes
configure:4651: checking sys/file.h presence
configure:4651: gcc -E  conftest.c
configure:4651: $? = 0
configure:4651: result: yes
configure:4651: checking for sys/file.h
configure:4651: result: yes
configure:4651: checking sys/socket.h usability
configure:4651: gcc -c -I/Users/andy/include  conftest.c >&5
configure:4651: $? = 0
configure:4651: result: yes
configure:4651: checking sys/socket.h presence
configure:4651: gcc -E  conftest.c
configure:4651: $? = 0
configure:4651: result: yes
configure:4651: checking for sys/socket.h
configure:4651: result: yes
configure:4651: checking sys/statvfs.h usability
configure:4651: gcc -c -I/Users/andy/include  conftest.c >&5
configure:4651: $? = 0
configure:4651: result: yes
configure:4651: checking sys/statvfs.h presence
configure:4651: gcc -E  conftest.c
configure:4651: $? = 0
configure:4651: result: yes
configure:4651: checking for sys/statvfs.h
configure:4651: result: yes
configure:4651: checking sys/time.h usability
configure:4651: gcc -c -I/Users/andy/include  conftest.c >&5
configure:4651: $? = 0
configure:4651: result: yes
configure:4651: checking sys/time.h presence
configure:4651: gcc -E  conftest.c
configure:4651: $? = 0
configure:4651: result: yes
configure:4651: checking for sys/time.h
configure:4651: result: yes
configure:4651: checking syslog.h usability
configure:4651: gcc -c -I/Users/andy/include  conftest.c >&5
configure:4651: $? = 0
configure:4651: result: yes
configure:4651: checking syslog.h presence
configure:4651: gcc -E  conftest.c
configure:4651: $? = 0
configure:4651: result: yes
configure:4651: checking for syslog.h
configure:4651: result: yes
configure:4651: checking termios.h usability
configure:4651: gcc -c -I/Users/andy/include  conftest.c >&5
configure:4651: $? = 0
configure:4651: result: yes
configure:4651: checking termios.h presence
configure:4651: gcc -E  conftest.c
configure:4651: $? = 0
configure:4651: result: yes
configure:4651: checking for termios.h
configure:4651: result: yes
configure:4651: checking for unistd.h
configure:4651: result: yes
configure:4651: checking utime.h usability
configure:4651: gcc -c -I/Users/andy/include  conftest.c >&5
configure:4651: $? = 0
configure:4651: result: yes
configure:4651: checking utime.h presence
configure:4651: gcc -E  conftest.c
configure:4651: $? = 0
configure:4651: result: yes
configure:4651: checking for utime.h
configure:4651: result: yes
configure:4664: checking for library containing pow
configure:4695: gcc -o conftest -I/Users/andy/include  -L/Users/andy/lib conftest.c  >&5
conftest.c:46:6: warning: incompatible redeclaration of library function 'pow' [-Wincompatible-library-redeclaration]
char pow ();
     ^
conftest.c:46:6: note: 'pow' is a builtin with type 'double (double, double)'
1 warning generated.
configure:4695: $? = 0
configure:4712: result: none required
configure:4731: checking for library containing zlibVersion
configure:4762: gcc -o conftest -I/Users/andy/include  -L/Users/andy/lib conftest.c  >&5
Undefined symbols for architecture x86_64:
  "_zlibVersion", referenced from:
      _main in conftest-70409d.o
ld: symbol(s) not found for architecture x86_64
clang: error: linker command failed with exit code 1 (use -v to see invocation)
configure:4762: $? = 1
configure: failed program was:
| /* confdefs.h */
| #define PACKAGE_NAME "bambed"
| #define PACKAGE_TARNAME "bambed"
| #define PACKAGE_VERSION "1.0"
| #define PACKAGE_STRING "bambed 1.0"
| #define PACKAGE_BUGREPORT ""
| #define PACKAGE_URL ""
| #define PACKAGE "bambed"
| #define VERSION "1.0"
| #define STDC_HEADERS 1
| #define HAVE_SYS_TYPES_H 1
| #define HAVE_SYS_STAT_H 1
| #define HAVE_STDLIB_H 1
| #define HAVE_STRING_H 1
| #define HAVE_MEMORY_H 1
| #define HAVE_STRINGS_H 1
| #define HAVE_INTTYPES_H 1
| #define HAVE_STDINT_H 1
| #define HAVE_UNISTD_H 1
| #define HAVE_JKWEB_COMMON_H 1
| #define HAVE_ARPA_INET_H 1
| #define HAVE_FCNTL_H 1
| #define HAVE_FLOAT_H 1
| #define HAVE_LIMITS_H 1
| #define HAVE_NETDB_H 1
| #define HAVE_NETINET_IN_H 1
| #define HAVE_STDLIB_H 1
| #define HAVE_STRING_H 1
| #define HAVE_STRINGS_H 1
| #define HAVE_SYS_FILE_H 1
| #define HAVE_SYS_SOCKET_H 1
| #define HAVE_SYS_STATVFS_H 1
| #define HAVE_SYS_TIME_H 1
| #define HAVE_SYSLOG_H 1
| #define HAVE_TERMIOS_H 1
| #define HAVE_UNISTD_H 1
| #define HAVE_UTIME_H 1
| /* end confdefs.h.  */
| 
| /* Override any GCC internal prototype to avoid an error.
|    Use char because int might match the return type of a GCC
|    builtin and then its argument prototype would still apply.  */
| #ifdef __cplusplus
| extern "C"
| #endif
| char zlibVersion ();
| int
| main ()
| {
| return zlibVersion ();
|   ;
|   return 0;
| }
configure:4762: gcc -o conftest -I/Users/andy/include  -L/Users/andy/lib conftest.c -lz   >&5
configure:4762: $? = 0
configure:4779: result: -lz
configure:4798: checking for library containing hts_parse_reg
configure:4829: gcc -o conftest -I/Users/andy/include  -L/Users/andy/lib conftest.c -lz  >&5
Undefined symbols for architecture x86_64:
  "_hts_parse_reg", referenced from:
      _main in conftest-ac3064.o
ld: symbol(s) not found for architecture x86_64
clang: error: linker command failed with exit code 1 (use -v to see invocation)
configure:4829: $? = 1
configure: failed program was:
| /* confdefs.h */
| #define PACKAGE_NAME "bambed"
| #define PACKAGE_TARNAME "bambed"
| #define PACKAGE_VERSION "1.0"
| #define PACKAGE_STRING "bambed 1.0"
| #define PACKAGE_BUGREPORT ""
| #define PACKAGE_URL ""
| #define PACKAGE "bambed"
| #define VERSION "1.0"
| #define STDC_HEADERS 1
| #define HAVE_SYS_TYPES_H 1
| #define HAVE_SYS_STAT_H 1
| #define HAVE_STDLIB_H 1
| #define HAVE_STRING_H 1
| #define HAVE_MEMORY_H 1
| #define HAVE_STRINGS_H 1
| #define HAVE_INTTYPES_H 1
| #define HAVE_STDINT_H 1
| #define HAVE_UNISTD_H 1
| #define HAVE_JKWEB_COMMON_H 1
| #define HAVE_ARPA_INET_H 1
| #define HAVE_FCNTL_H 1
| #define HAVE_FLOAT_H 1
| #define HAVE_LIMITS_H 1
| #define HAVE_NETDB_H 1
| #define HAVE_NETINET_IN_H 1
| #define HAVE_STDLIB_H 1
| #define HAVE_STRING_H 1
| #define HAVE_STRINGS_H 1
| #define HAVE_SYS_FILE_H 1
| #define HAVE_SYS_SOCKET_H 1
| #define HAVE_SYS_STATVFS_H 1
| #define HAVE_SYS_TIME_H 1
| #define HAVE_SYSLOG_H 1
| #define HAVE_TERMIOS_H 1
| #define HAVE_UNISTD_H 1
| #define HAVE_UTIME_H 1
| /* end confdefs.h.  */
| 
| /* Override any GCC internal prototype to avoid an error.
|    Use char because int might match the return type of a GCC
|    builtin and then its argument prototype would still apply.  */
| #ifdef __cplusplus
| extern "C"
| #endif
| char hts_parse_reg ();
| int
| main ()
| {
| return hts_parse_reg ();
|   ;
|   return 0;
| }
configure:4829: gcc -o conftest -I/Users/andy/include  -L/Users/andy/lib conftest.c -lhts  -lz  >&5
configure:4829: $? = 0
configure:4846: result: -lhts
configure:4865: checking for library containing bam_fetch
configure:4896: gcc -o conftest -I/Users/andy/include  -L/Users/andy/lib conftest.c -lhts -lz  >&5
Undefined symbols for architecture x86_64:
  "_bam_fetch", referenced from:
      _main in conftest-df8c80.o
ld: symbol(s) not found for architecture x86_64
clang: error: linker command failed with exit code 1 (use -v to see invocation)
configure:4896: $? = 1
configure: failed program was:
| /* confdefs.h */
| #define PACKAGE_NAME "bambed"
| #define PACKAGE_TARNAME "bambed"
| #define PACKAGE_VERSION "1.0"
| #define PACKAGE_STRING "bambed 1.0"
| #define PACKAGE_BUGREPORT ""
| #define PACKAGE_URL ""
| #define PACKAGE "bambed"
| #define VERSION "1.0"
| #define STDC_HEADERS 1
| #define HAVE_SYS_TYPES_H 1
| #define HAVE_SYS_STAT_H 1
| #define HAVE_STDLIB_H 1
| #define HAVE_STRING_H 1
| #define HAVE_MEMORY_H 1
| #define HAVE_STRINGS_H 1
| #define HAVE_INTTYPES_H 1
| #define HAVE_STDINT_H 1
| #define HAVE_UNISTD_H 1
| #define HAVE_JKWEB_COMMON_H 1
| #define HAVE_ARPA_INET_H 1
| #define HAVE_FCNTL_H 1
| #define HAVE_FLOAT_H 1
| #define HAVE_LIMITS_H 1
| #define HAVE_NETDB_H 1
| #define HAVE_NETINET_IN_H 1
| #define HAVE_STDLIB_H 1
| #define HAVE_STRING_H 1
| #define HAVE_STRINGS_H 1
| #define HAVE_SYS_FILE_H 1
| #define HAVE_SYS_SOCKET_H 1
| #define HAVE_SYS_STATVFS_H 1
| #define HAVE_SYS_TIME_H 1
| #define HAVE_SYSLOG_H 1
| #define HAVE_TERMIOS_H 1
| #define HAVE_UNISTD_H 1
| #define HAVE_UTIME_H 1
| /* end confdefs.h.  */
| 
| /* Override any GCC internal prototype to avoid an error.
|    Use char because int might match the return type of a GCC
|    builtin and then its argument prototype would still apply.  */
| #ifdef __cplusplus
| extern "C"
| #endif
| char bam_fetch ();
| int
| main ()
| {
| return bam_fetch ();
|   ;
|   return 0;
| }
configure:4896: gcc -o conftest -I/Users/andy/include  -L/Users/andy/lib conftest.c -lbam  -lhts -lz  >&5
configure:4896: $? = 0
configure:4913: result: -lbam
configure:4939: checking checking for jkweb library containing needMem
configure:4959: gcc -o conftest -I/Users/andy/include  -L/Users/andy/lib conftest.c -ljkweb -lbam -lhts -lz  >&5
configure:4959: $? = 0
configure:4960: result: -ljkweb
configure:4984: checking checking for beato library containing perBaseWigFree
configure:5002: gcc -o conftest -I/Users/andy/include  -L/Users/andy/lib conftest.c -lbeato -ljkweb -lbam -lhts -lz  >&5
configure:5002: $? = 0
configure:5003: result: -lbeato
configure:5033: checking for special C compiler options needed for large files
configure:5078: result: no
configure:5084: checking for _FILE_OFFSET_BITS value needed for large files
configure:5109: gcc -c -I/Users/andy/include  conftest.c >&5
configure:5109: $? = 0
configure:5141: result: no
configure:5228: checking for stdbool.h that conforms to C99
configure:5295: gcc -c -I/Users/andy/include  conftest.c >&5
configure:5295: $? = 0
configure:5302: result: yes
configure:5304: checking for _Bool
configure:5304: gcc -c -I/Users/andy/include  conftest.c >&5
configure:5304: $? = 0
configure:5304: gcc -c -I/Users/andy/include  conftest.c >&5
conftest.c:76:20: error: expected expression
if (sizeof ((_Bool)))
                   ^
1 error generated.
configure:5304: $? = 1
configure: failed program was:
| /* confdefs.h */
| #define PACKAGE_NAME "bambed"
| #define PACKAGE_TARNAME "bambed"
| #define PACKAGE_VERSION "1.0"
| #define PACKAGE_STRING "bambed 1.0"
| #define PACKAGE_BUGREPORT ""
| #define PACKAGE_URL ""
| #define PACKAGE "bambed"
| #define VERSION "1.0"
| #define STDC_HEADERS 1
| #define HAVE_SYS_TYPES_H 1
| #define HAVE_SYS_STAT_H 1
| #define HAVE_STDLIB_H 1
| #define HAVE_STRING_H 1
| #define HAVE_MEMORY_H 1
| #define HAVE_STRINGS_H 1
| #define HAVE_INTTYPES_H 1
| #define HAVE_STDINT_H 1
| #define HAVE_UNISTD_H 1
| #define HAVE_JKWEB_COMMON_H 1
| #define HAVE_ARPA_INET_H 1
| #define HAVE_FCNTL_H 1
| #define HAVE_FLOAT_H 1
| #define HAVE_LIMITS_H 1
| #define HAVE_NETDB_H 1
| #define HAVE_NETINET_IN_H 1
| #define HAVE_STDLIB_H 1
| #define HAVE_STRING_H 1
| #define HAVE_STRINGS_H 1
| #define HAVE_SYS_FILE_H 1
| #define HAVE_SYS_SOCKET_H 1
| #define HAVE_SYS_STATVFS_H 1
| #define HAVE_SYS_TIME_H 1
| #define HAVE_SYSLOG_H 1
| #define HAVE_TERMIOS_H 1
| #define HAVE_UNISTD_H 1
| #define HAVE_UTIME_H 1
| #define USE_BAM 1
| /* end confdefs.h.  */
| #include <stdio.h>
| #ifdef HAVE_SYS_TYPES_H
| # include <sys/types.h>
| #endif
| #ifdef HAVE_SYS_STAT_H
| # include <sys/stat.h>
| #endif
| #ifdef STDC_HEADERS
| # include <stdlib.h>
| # include <stddef.h>
| #else
| # ifdef HAVE_STDLIB_H
| #  include <stdlib.h>
| # endif
| #endif
| #ifdef HAVE_STRING_H
| # if !defined STDC_HEADERS && defined HAVE_MEMORY_H
| #  include <memory.h>
| # endif
| # include <string.h>
| #endif
| #ifdef HAVE_STRINGS_H
| # include <strings.h>
| #endif
| #ifdef HAVE_INTTYPES_H
| # include <inttypes.h>
| #endif
| #ifdef HAVE_STDINT_H
| # include <stdint.h>
| #endif
| #ifdef HAVE_UNISTD_H
| # include <unistd.h>
| #endif
| int
| main ()
| {
| if (sizeof ((_Bool)))
| 	    return 0;
|   ;
|   return 0;
| }
configure:5304: result: yes
configure:5321: checking for inline
configure:5337: gcc -c -I/Users/andy/include  conftest.c >&5
configure:5337: $? = 0
configure:5345: result: inline
configure:5363: checking for int16_t
configure:5363: gcc -c -I/Users/andy/include  conftest.c >&5
configure:5363: $? = 0
configure:5363: gcc -c -I/Users/andy/include  conftest.c >&5
conftest.c:79:24: error: 'test_array' declared as an array with a negative size
static int test_array [1 - 2 * !((int16_t) (((((int16_t) 1 << N) << N) - 1) * 2 + 1)
                       ^~~~~~~~~~~~~~~~~~~~~~~~~~~~~~~~~~~~~~~~~~~~~~~~~~~~~~~~~~~~~
1 error generated.
configure:5363: $? = 1
configure: failed program was:
| /* confdefs.h */
| #define PACKAGE_NAME "bambed"
| #define PACKAGE_TARNAME "bambed"
| #define PACKAGE_VERSION "1.0"
| #define PACKAGE_STRING "bambed 1.0"
| #define PACKAGE_BUGREPORT ""
| #define PACKAGE_URL ""
| #define PACKAGE "bambed"
| #define VERSION "1.0"
| #define STDC_HEADERS 1
| #define HAVE_SYS_TYPES_H 1
| #define HAVE_SYS_STAT_H 1
| #define HAVE_STDLIB_H 1
| #define HAVE_STRING_H 1
| #define HAVE_MEMORY_H 1
| #define HAVE_STRINGS_H 1
| #define HAVE_INTTYPES_H 1
| #define HAVE_STDINT_H 1
| #define HAVE_UNISTD_H 1
| #define HAVE_JKWEB_COMMON_H 1
| #define HAVE_ARPA_INET_H 1
| #define HAVE_FCNTL_H 1
| #define HAVE_FLOAT_H 1
| #define HAVE_LIMITS_H 1
| #define HAVE_NETDB_H 1
| #define HAVE_NETINET_IN_H 1
| #define HAVE_STDLIB_H 1
| #define HAVE_STRING_H 1
| #define HAVE_STRINGS_H 1
| #define HAVE_SYS_FILE_H 1
| #define HAVE_SYS_SOCKET_H 1
| #define HAVE_SYS_STATVFS_H 1
| #define HAVE_SYS_TIME_H 1
| #define HAVE_SYSLOG_H 1
| #define HAVE_TERMIOS_H 1
| #define HAVE_UNISTD_H 1
| #define HAVE_UTIME_H 1
| #define USE_BAM 1
| #define HAVE__BOOL 1
| #define HAVE_STDBOOL_H 1
| /* end confdefs.h.  */
| #include <stdio.h>
| #ifdef HAVE_SYS_TYPES_H
| # include <sys/types.h>
| #endif
| #ifdef HAVE_SYS_STAT_H
| # include <sys/stat.h>
| #endif
| #ifdef STDC_HEADERS
| # include <stdlib.h>
| # include <stddef.h>
| #else
| # ifdef HAVE_STDLIB_H
| #  include <stdlib.h>
| # endif
| #endif
| #ifdef HAVE_STRING_H
| # if !defined STDC_HEADERS && defined HAVE_MEMORY_H
| #  include <memory.h>
| # endif
| # include <string.h>
| #endif
| #ifdef HAVE_STRINGS_H
| # include <strings.h>
| #endif
| #ifdef HAVE_INTTYPES_H
| # include <inttypes.h>
| #endif
| #ifdef HAVE_STDINT_H
| # include <stdint.h>
| #endif
| #ifdef HAVE_UNISTD_H
| # include <unistd.h>
| #endif
| 	        enum { N = 16 / 2 - 1 };
| int
| main ()
| {
| static int test_array [1 - 2 * !((int16_t) (((((int16_t) 1 << N) << N) - 1) * 2 + 1)
| 		 < (int16_t) (((((int16_t) 1 << N) << N) - 1) * 2 + 2))];
| test_array [0] = 0;
| return test_array [0];
| 
|   ;
|   return 0;
| }
configure:5363: result: yes
configure:5374: checking for int32_t
configure:5374: gcc -c -I/Users/andy/include  conftest.c >&5
configure:5374: $? = 0
configure:5374: gcc -c -I/Users/andy/include  conftest.c >&5
conftest.c:79:24: error: 'test_array' declared as an array with a negative size
static int test_array [1 - 2 * !((int32_t) (((((int32_t) 1 << N) << N) - 1) * 2 + 1)
                       ^~~~~~~~~~~~~~~~~~~~~~~~~~~~~~~~~~~~~~~~~~~~~~~~~~~~~~~~~~~~~
1 error generated.
configure:5374: $? = 1
configure: failed program was:
| /* confdefs.h */
| #define PACKAGE_NAME "bambed"
| #define PACKAGE_TARNAME "bambed"
| #define PACKAGE_VERSION "1.0"
| #define PACKAGE_STRING "bambed 1.0"
| #define PACKAGE_BUGREPORT ""
| #define PACKAGE_URL ""
| #define PACKAGE "bambed"
| #define VERSION "1.0"
| #define STDC_HEADERS 1
| #define HAVE_SYS_TYPES_H 1
| #define HAVE_SYS_STAT_H 1
| #define HAVE_STDLIB_H 1
| #define HAVE_STRING_H 1
| #define HAVE_MEMORY_H 1
| #define HAVE_STRINGS_H 1
| #define HAVE_INTTYPES_H 1
| #define HAVE_STDINT_H 1
| #define HAVE_UNISTD_H 1
| #define HAVE_JKWEB_COMMON_H 1
| #define HAVE_ARPA_INET_H 1
| #define HAVE_FCNTL_H 1
| #define HAVE_FLOAT_H 1
| #define HAVE_LIMITS_H 1
| #define HAVE_NETDB_H 1
| #define HAVE_NETINET_IN_H 1
| #define HAVE_STDLIB_H 1
| #define HAVE_STRING_H 1
| #define HAVE_STRINGS_H 1
| #define HAVE_SYS_FILE_H 1
| #define HAVE_SYS_SOCKET_H 1
| #define HAVE_SYS_STATVFS_H 1
| #define HAVE_SYS_TIME_H 1
| #define HAVE_SYSLOG_H 1
| #define HAVE_TERMIOS_H 1
| #define HAVE_UNISTD_H 1
| #define HAVE_UTIME_H 1
| #define USE_BAM 1
| #define HAVE__BOOL 1
| #define HAVE_STDBOOL_H 1
| /* end confdefs.h.  */
| #include <stdio.h>
| #ifdef HAVE_SYS_TYPES_H
| # include <sys/types.h>
| #endif
| #ifdef HAVE_SYS_STAT_H
| # include <sys/stat.h>
| #endif
| #ifdef STDC_HEADERS
| # include <stdlib.h>
| # include <stddef.h>
| #else
| # ifdef HAVE_STDLIB_H
| #  include <stdlib.h>
| # endif
| #endif
| #ifdef HAVE_STRING_H
| # if !defined STDC_HEADERS && defined HAVE_MEMORY_H
| #  include <memory.h>
| # endif
| # include <string.h>
| #endif
| #ifdef HAVE_STRINGS_H
| # include <strings.h>
| #endif
| #ifdef HAVE_INTTYPES_H
| # include <inttypes.h>
| #endif
| #ifdef HAVE_STDINT_H
| # include <stdint.h>
| #endif
| #ifdef HAVE_UNISTD_H
| # include <unistd.h>
| #endif
| 	        enum { N = 32 / 2 - 1 };
| int
| main ()
| {
| static int test_array [1 - 2 * !((int32_t) (((((int32_t) 1 << N) << N) - 1) * 2 + 1)
| 		 < (int32_t) (((((int32_t) 1 << N) << N) - 1) * 2 + 2))];
| test_array [0] = 0;
| return test_array [0];
| 
|   ;
|   return 0;
| }
configure:5374: result: yes
configure:5385: checking for int64_t
configure:5385: gcc -c -I/Users/andy/include  conftest.c >&5
configure:5385: $? = 0
configure:5385: gcc -c -I/Users/andy/include  conftest.c >&5
conftest.c:79:24: error: 'test_array' declared as an array with a negative size
static int test_array [1 - 2 * !((int64_t) (((((int64_t) 1 << N) << N) - 1) * 2 + 1)
                       ^~~~~~~~~~~~~~~~~~~~~~~~~~~~~~~~~~~~~~~~~~~~~~~~~~~~~~~~~~~~~
1 error generated.
configure:5385: $? = 1
configure: failed program was:
| /* confdefs.h */
| #define PACKAGE_NAME "bambed"
| #define PACKAGE_TARNAME "bambed"
| #define PACKAGE_VERSION "1.0"
| #define PACKAGE_STRING "bambed 1.0"
| #define PACKAGE_BUGREPORT ""
| #define PACKAGE_URL ""
| #define PACKAGE "bambed"
| #define VERSION "1.0"
| #define STDC_HEADERS 1
| #define HAVE_SYS_TYPES_H 1
| #define HAVE_SYS_STAT_H 1
| #define HAVE_STDLIB_H 1
| #define HAVE_STRING_H 1
| #define HAVE_MEMORY_H 1
| #define HAVE_STRINGS_H 1
| #define HAVE_INTTYPES_H 1
| #define HAVE_STDINT_H 1
| #define HAVE_UNISTD_H 1
| #define HAVE_JKWEB_COMMON_H 1
| #define HAVE_ARPA_INET_H 1
| #define HAVE_FCNTL_H 1
| #define HAVE_FLOAT_H 1
| #define HAVE_LIMITS_H 1
| #define HAVE_NETDB_H 1
| #define HAVE_NETINET_IN_H 1
| #define HAVE_STDLIB_H 1
| #define HAVE_STRING_H 1
| #define HAVE_STRINGS_H 1
| #define HAVE_SYS_FILE_H 1
| #define HAVE_SYS_SOCKET_H 1
| #define HAVE_SYS_STATVFS_H 1
| #define HAVE_SYS_TIME_H 1
| #define HAVE_SYSLOG_H 1
| #define HAVE_TERMIOS_H 1
| #define HAVE_UNISTD_H 1
| #define HAVE_UTIME_H 1
| #define USE_BAM 1
| #define HAVE__BOOL 1
| #define HAVE_STDBOOL_H 1
| /* end confdefs.h.  */
| #include <stdio.h>
| #ifdef HAVE_SYS_TYPES_H
| # include <sys/types.h>
| #endif
| #ifdef HAVE_SYS_STAT_H
| # include <sys/stat.h>
| #endif
| #ifdef STDC_HEADERS
| # include <stdlib.h>
| # include <stddef.h>
| #else
| # ifdef HAVE_STDLIB_H
| #  include <stdlib.h>
| # endif
| #endif
| #ifdef HAVE_STRING_H
| # if !defined STDC_HEADERS && defined HAVE_MEMORY_H
| #  include <memory.h>
| # endif
| # include <string.h>
| #endif
| #ifdef HAVE_STRINGS_H
| # include <strings.h>
| #endif
| #ifdef HAVE_INTTYPES_H
| # include <inttypes.h>
| #endif
| #ifdef HAVE_STDINT_H
| # include <stdint.h>
| #endif
| #ifdef HAVE_UNISTD_H
| # include <unistd.h>
| #endif
| 	        enum { N = 64 / 2 - 1 };
| int
| main ()
| {
| static int test_array [1 - 2 * !((int64_t) (((((int64_t) 1 << N) << N) - 1) * 2 + 1)
| 		 < (int64_t) (((((int64_t) 1 << N) << N) - 1) * 2 + 2))];
| test_array [0] = 0;
| return test_array [0];
| 
|   ;
|   return 0;
| }
configure:5385: result: yes
configure:5396: checking for int8_t
configure:5396: gcc -c -I/Users/andy/include  conftest.c >&5
configure:5396: $? = 0
configure:5396: gcc -c -I/Users/andy/include  conftest.c >&5
conftest.c:79:24: error: 'test_array' declared as an array with a negative size
static int test_array [1 - 2 * !((int8_t) (((((int8_t) 1 << N) << N) - 1) * 2 + 1)
                       ^~~~~~~~~~~~~~~~~~~~~~~~~~~~~~~~~~~~~~~~~~~~~~~~~~~~~~~~~~~
1 error generated.
configure:5396: $? = 1
configure: failed program was:
| /* confdefs.h */
| #define PACKAGE_NAME "bambed"
| #define PACKAGE_TARNAME "bambed"
| #define PACKAGE_VERSION "1.0"
| #define PACKAGE_STRING "bambed 1.0"
| #define PACKAGE_BUGREPORT ""
| #define PACKAGE_URL ""
| #define PACKAGE "bambed"
| #define VERSION "1.0"
| #define STDC_HEADERS 1
| #define HAVE_SYS_TYPES_H 1
| #define HAVE_SYS_STAT_H 1
| #define HAVE_STDLIB_H 1
| #define HAVE_STRING_H 1
| #define HAVE_MEMORY_H 1
| #define HAVE_STRINGS_H 1
| #define HAVE_INTTYPES_H 1
| #define HAVE_STDINT_H 1
| #define HAVE_UNISTD_H 1
| #define HAVE_JKWEB_COMMON_H 1
| #define HAVE_ARPA_INET_H 1
| #define HAVE_FCNTL_H 1
| #define HAVE_FLOAT_H 1
| #define HAVE_LIMITS_H 1
| #define HAVE_NETDB_H 1
| #define HAVE_NETINET_IN_H 1
| #define HAVE_STDLIB_H 1
| #define HAVE_STRING_H 1
| #define HAVE_STRINGS_H 1
| #define HAVE_SYS_FILE_H 1
| #define HAVE_SYS_SOCKET_H 1
| #define HAVE_SYS_STATVFS_H 1
| #define HAVE_SYS_TIME_H 1
| #define HAVE_SYSLOG_H 1
| #define HAVE_TERMIOS_H 1
| #define HAVE_UNISTD_H 1
| #define HAVE_UTIME_H 1
| #define USE_BAM 1
| #define HAVE__BOOL 1
| #define HAVE_STDBOOL_H 1
| /* end confdefs.h.  */
| #include <stdio.h>
| #ifdef HAVE_SYS_TYPES_H
| # include <sys/types.h>
| #endif
| #ifdef HAVE_SYS_STAT_H
| # include <sys/stat.h>
| #endif
| #ifdef STDC_HEADERS
| # include <stdlib.h>
| # include <stddef.h>
| #else
| # ifdef HAVE_STDLIB_H
| #  include <stdlib.h>
| # endif
| #endif
| #ifdef HAVE_STRING_H
| # if !defined STDC_HEADERS && defined HAVE_MEMORY_H
| #  include <memory.h>
| # endif
| # include <string.h>
| #endif
| #ifdef HAVE_STRINGS_H
| # include <strings.h>
| #endif
| #ifdef HAVE_INTTYPES_H
| # include <inttypes.h>
| #endif
| #ifdef HAVE_STDINT_H
| # include <stdint.h>
| #endif
| #ifdef HAVE_UNISTD_H
| # include <unistd.h>
| #endif
| 	        enum { N = 8 / 2 - 1 };
| int
| main ()
| {
| static int test_array [1 - 2 * !((int8_t) (((((int8_t) 1 << N) << N) - 1) * 2 + 1)
| 		 < (int8_t) (((((int8_t) 1 << N) << N) - 1) * 2 + 2))];
| test_array [0] = 0;
| return test_array [0];
| 
|   ;
|   return 0;
| }
configure:5396: result: yes
configure:5407: checking for off_t
configure:5407: gcc -c -I/Users/andy/include  conftest.c >&5
configure:5407: $? = 0
configure:5407: gcc -c -I/Users/andy/include  conftest.c >&5
conftest.c:78:20: error: expected expression
if (sizeof ((off_t)))
                   ^
1 error generated.
configure:5407: $? = 1
configure: failed program was:
| /* confdefs.h */
| #define PACKAGE_NAME "bambed"
| #define PACKAGE_TARNAME "bambed"
| #define PACKAGE_VERSION "1.0"
| #define PACKAGE_STRING "bambed 1.0"
| #define PACKAGE_BUGREPORT ""
| #define PACKAGE_URL ""
| #define PACKAGE "bambed"
| #define VERSION "1.0"
| #define STDC_HEADERS 1
| #define HAVE_SYS_TYPES_H 1
| #define HAVE_SYS_STAT_H 1
| #define HAVE_STDLIB_H 1
| #define HAVE_STRING_H 1
| #define HAVE_MEMORY_H 1
| #define HAVE_STRINGS_H 1
| #define HAVE_INTTYPES_H 1
| #define HAVE_STDINT_H 1
| #define HAVE_UNISTD_H 1
| #define HAVE_JKWEB_COMMON_H 1
| #define HAVE_ARPA_INET_H 1
| #define HAVE_FCNTL_H 1
| #define HAVE_FLOAT_H 1
| #define HAVE_LIMITS_H 1
| #define HAVE_NETDB_H 1
| #define HAVE_NETINET_IN_H 1
| #define HAVE_STDLIB_H 1
| #define HAVE_STRING_H 1
| #define HAVE_STRINGS_H 1
| #define HAVE_SYS_FILE_H 1
| #define HAVE_SYS_SOCKET_H 1
| #define HAVE_SYS_STATVFS_H 1
| #define HAVE_SYS_TIME_H 1
| #define HAVE_SYSLOG_H 1
| #define HAVE_TERMIOS_H 1
| #define HAVE_UNISTD_H 1
| #define HAVE_UTIME_H 1
| #define USE_BAM 1
| #define HAVE__BOOL 1
| #define HAVE_STDBOOL_H 1
| /* end confdefs.h.  */
| #include <stdio.h>
| #ifdef HAVE_SYS_TYPES_H
| # include <sys/types.h>
| #endif
| #ifdef HAVE_SYS_STAT_H
| # include <sys/stat.h>
| #endif
| #ifdef STDC_HEADERS
| # include <stdlib.h>
| # include <stddef.h>
| #else
| # ifdef HAVE_STDLIB_H
| #  include <stdlib.h>
| # endif
| #endif
| #ifdef HAVE_STRING_H
| # if !defined STDC_HEADERS && defined HAVE_MEMORY_H
| #  include <memory.h>
| # endif
| # include <string.h>
| #endif
| #ifdef HAVE_STRINGS_H
| # include <strings.h>
| #endif
| #ifdef HAVE_INTTYPES_H
| # include <inttypes.h>
| #endif
| #ifdef HAVE_STDINT_H
| # include <stdint.h>
| #endif
| #ifdef HAVE_UNISTD_H
| # include <unistd.h>
| #endif
| int
| main ()
| {
| if (sizeof ((off_t)))
| 	    return 0;
|   ;
|   return 0;
| }
configure:5407: result: yes
configure:5418: checking for pid_t
configure:5418: gcc -c -I/Users/andy/include  conftest.c >&5
configure:5418: $? = 0
configure:5418: gcc -c -I/Users/andy/include  conftest.c >&5
conftest.c:78:20: error: expected expression
if (sizeof ((pid_t)))
                   ^
1 error generated.
configure:5418: $? = 1
configure: failed program was:
| /* confdefs.h */
| #define PACKAGE_NAME "bambed"
| #define PACKAGE_TARNAME "bambed"
| #define PACKAGE_VERSION "1.0"
| #define PACKAGE_STRING "bambed 1.0"
| #define PACKAGE_BUGREPORT ""
| #define PACKAGE_URL ""
| #define PACKAGE "bambed"
| #define VERSION "1.0"
| #define STDC_HEADERS 1
| #define HAVE_SYS_TYPES_H 1
| #define HAVE_SYS_STAT_H 1
| #define HAVE_STDLIB_H 1
| #define HAVE_STRING_H 1
| #define HAVE_MEMORY_H 1
| #define HAVE_STRINGS_H 1
| #define HAVE_INTTYPES_H 1
| #define HAVE_STDINT_H 1
| #define HAVE_UNISTD_H 1
| #define HAVE_JKWEB_COMMON_H 1
| #define HAVE_ARPA_INET_H 1
| #define HAVE_FCNTL_H 1
| #define HAVE_FLOAT_H 1
| #define HAVE_LIMITS_H 1
| #define HAVE_NETDB_H 1
| #define HAVE_NETINET_IN_H 1
| #define HAVE_STDLIB_H 1
| #define HAVE_STRING_H 1
| #define HAVE_STRINGS_H 1
| #define HAVE_SYS_FILE_H 1
| #define HAVE_SYS_SOCKET_H 1
| #define HAVE_SYS_STATVFS_H 1
| #define HAVE_SYS_TIME_H 1
| #define HAVE_SYSLOG_H 1
| #define HAVE_TERMIOS_H 1
| #define HAVE_UNISTD_H 1
| #define HAVE_UTIME_H 1
| #define USE_BAM 1
| #define HAVE__BOOL 1
| #define HAVE_STDBOOL_H 1
| /* end confdefs.h.  */
| #include <stdio.h>
| #ifdef HAVE_SYS_TYPES_H
| # include <sys/types.h>
| #endif
| #ifdef HAVE_SYS_STAT_H
| # include <sys/stat.h>
| #endif
| #ifdef STDC_HEADERS
| # include <stdlib.h>
| # include <stddef.h>
| #else
| # ifdef HAVE_STDLIB_H
| #  include <stdlib.h>
| # endif
| #endif
| #ifdef HAVE_STRING_H
| # if !defined STDC_HEADERS && defined HAVE_MEMORY_H
| #  include <memory.h>
| # endif
| # include <string.h>
| #endif
| #ifdef HAVE_STRINGS_H
| # include <strings.h>
| #endif
| #ifdef HAVE_INTTYPES_H
| # include <inttypes.h>
| #endif
| #ifdef HAVE_STDINT_H
| # include <stdint.h>
| #endif
| #ifdef HAVE_UNISTD_H
| # include <unistd.h>
| #endif
| int
| main ()
| {
| if (sizeof ((pid_t)))
| 	    return 0;
|   ;
|   return 0;
| }
configure:5418: result: yes
configure:5429: checking for size_t
configure:5429: gcc -c -I/Users/andy/include  conftest.c >&5
configure:5429: $? = 0
configure:5429: gcc -c -I/Users/andy/include  conftest.c >&5
conftest.c:78:21: error: expected expression
if (sizeof ((size_t)))
                    ^
1 error generated.
configure:5429: $? = 1
configure: failed program was:
| /* confdefs.h */
| #define PACKAGE_NAME "bambed"
| #define PACKAGE_TARNAME "bambed"
| #define PACKAGE_VERSION "1.0"
| #define PACKAGE_STRING "bambed 1.0"
| #define PACKAGE_BUGREPORT ""
| #define PACKAGE_URL ""
| #define PACKAGE "bambed"
| #define VERSION "1.0"
| #define STDC_HEADERS 1
| #define HAVE_SYS_TYPES_H 1
| #define HAVE_SYS_STAT_H 1
| #define HAVE_STDLIB_H 1
| #define HAVE_STRING_H 1
| #define HAVE_MEMORY_H 1
| #define HAVE_STRINGS_H 1
| #define HAVE_INTTYPES_H 1
| #define HAVE_STDINT_H 1
| #define HAVE_UNISTD_H 1
| #define HAVE_JKWEB_COMMON_H 1
| #define HAVE_ARPA_INET_H 1
| #define HAVE_FCNTL_H 1
| #define HAVE_FLOAT_H 1
| #define HAVE_LIMITS_H 1
| #define HAVE_NETDB_H 1
| #define HAVE_NETINET_IN_H 1
| #define HAVE_STDLIB_H 1
| #define HAVE_STRING_H 1
| #define HAVE_STRINGS_H 1
| #define HAVE_SYS_FILE_H 1
| #define HAVE_SYS_SOCKET_H 1
| #define HAVE_SYS_STATVFS_H 1
| #define HAVE_SYS_TIME_H 1
| #define HAVE_SYSLOG_H 1
| #define HAVE_TERMIOS_H 1
| #define HAVE_UNISTD_H 1
| #define HAVE_UTIME_H 1
| #define USE_BAM 1
| #define HAVE__BOOL 1
| #define HAVE_STDBOOL_H 1
| /* end confdefs.h.  */
| #include <stdio.h>
| #ifdef HAVE_SYS_TYPES_H
| # include <sys/types.h>
| #endif
| #ifdef HAVE_SYS_STAT_H
| # include <sys/stat.h>
| #endif
| #ifdef STDC_HEADERS
| # include <stdlib.h>
| # include <stddef.h>
| #else
| # ifdef HAVE_STDLIB_H
| #  include <stdlib.h>
| # endif
| #endif
| #ifdef HAVE_STRING_H
| # if !defined STDC_HEADERS && defined HAVE_MEMORY_H
| #  include <memory.h>
| # endif
| # include <string.h>
| #endif
| #ifdef HAVE_STRINGS_H
| # include <strings.h>
| #endif
| #ifdef HAVE_INTTYPES_H
| # include <inttypes.h>
| #endif
| #ifdef HAVE_STDINT_H
| # include <stdint.h>
| #endif
| #ifdef HAVE_UNISTD_H
| # include <unistd.h>
| #endif
| int
| main ()
| {
| if (sizeof ((size_t)))
| 	    return 0;
|   ;
|   return 0;
| }
configure:5429: result: yes
configure:5440: checking for ssize_t
configure:5440: gcc -c -I/Users/andy/include  conftest.c >&5
configure:5440: $? = 0
configure:5440: gcc -c -I/Users/andy/include  conftest.c >&5
conftest.c:78:22: error: expected expression
if (sizeof ((ssize_t)))
                     ^
1 error generated.
configure:5440: $? = 1
configure: failed program was:
| /* confdefs.h */
| #define PACKAGE_NAME "bambed"
| #define PACKAGE_TARNAME "bambed"
| #define PACKAGE_VERSION "1.0"
| #define PACKAGE_STRING "bambed 1.0"
| #define PACKAGE_BUGREPORT ""
| #define PACKAGE_URL ""
| #define PACKAGE "bambed"
| #define VERSION "1.0"
| #define STDC_HEADERS 1
| #define HAVE_SYS_TYPES_H 1
| #define HAVE_SYS_STAT_H 1
| #define HAVE_STDLIB_H 1
| #define HAVE_STRING_H 1
| #define HAVE_MEMORY_H 1
| #define HAVE_STRINGS_H 1
| #define HAVE_INTTYPES_H 1
| #define HAVE_STDINT_H 1
| #define HAVE_UNISTD_H 1
| #define HAVE_JKWEB_COMMON_H 1
| #define HAVE_ARPA_INET_H 1
| #define HAVE_FCNTL_H 1
| #define HAVE_FLOAT_H 1
| #define HAVE_LIMITS_H 1
| #define HAVE_NETDB_H 1
| #define HAVE_NETINET_IN_H 1
| #define HAVE_STDLIB_H 1
| #define HAVE_STRING_H 1
| #define HAVE_STRINGS_H 1
| #define HAVE_SYS_FILE_H 1
| #define HAVE_SYS_SOCKET_H 1
| #define HAVE_SYS_STATVFS_H 1
| #define HAVE_SYS_TIME_H 1
| #define HAVE_SYSLOG_H 1
| #define HAVE_TERMIOS_H 1
| #define HAVE_UNISTD_H 1
| #define HAVE_UTIME_H 1
| #define USE_BAM 1
| #define HAVE__BOOL 1
| #define HAVE_STDBOOL_H 1
| /* end confdefs.h.  */
| #include <stdio.h>
| #ifdef HAVE_SYS_TYPES_H
| # include <sys/types.h>
| #endif
| #ifdef HAVE_SYS_STAT_H
| # include <sys/stat.h>
| #endif
| #ifdef STDC_HEADERS
| # include <stdlib.h>
| # include <stddef.h>
| #else
| # ifdef HAVE_STDLIB_H
| #  include <stdlib.h>
| # endif
| #endif
| #ifdef HAVE_STRING_H
| # if !defined STDC_HEADERS && defined HAVE_MEMORY_H
| #  include <memory.h>
| # endif
| # include <string.h>
| #endif
| #ifdef HAVE_STRINGS_H
| # include <strings.h>
| #endif
| #ifdef HAVE_INTTYPES_H
| # include <inttypes.h>
| #endif
| #ifdef HAVE_STDINT_H
| # include <stdint.h>
| #endif
| #ifdef HAVE_UNISTD_H
| # include <unistd.h>
| #endif
| int
| main ()
| {
| if (sizeof ((ssize_t)))
| 	    return 0;
|   ;
|   return 0;
| }
configure:5440: result: yes
configure:5451: checking for uid_t in sys/types.h
configure:5470: result: yes
configure:5481: checking for uint16_t
configure:5481: gcc -c -I/Users/andy/include  conftest.c >&5
configure:5481: $? = 0
configure:5481: result: yes
configure:5493: checking for uint32_t
configure:5493: gcc -c -I/Users/andy/include  conftest.c >&5
configure:5493: $? = 0
configure:5493: result: yes
configure:5507: checking for uint8_t
configure:5507: gcc -c -I/Users/andy/include  conftest.c >&5
configure:5507: $? = 0
configure:5507: result: yes
configure:5525: checking vfork.h usability
configure:5525: gcc -c -I/Users/andy/include  conftest.c >&5
conftest.c:75:10: fatal error: 'vfork.h' file not found
#include <vfork.h>
         ^
1 error generated.
configure:5525: $? = 1
configure: failed program was:
| /* confdefs.h */
| #define PACKAGE_NAME "bambed"
| #define PACKAGE_TARNAME "bambed"
| #define PACKAGE_VERSION "1.0"
| #define PACKAGE_STRING "bambed 1.0"
| #define PACKAGE_BUGREPORT ""
| #define PACKAGE_URL ""
| #define PACKAGE "bambed"
| #define VERSION "1.0"
| #define STDC_HEADERS 1
| #define HAVE_SYS_TYPES_H 1
| #define HAVE_SYS_STAT_H 1
| #define HAVE_STDLIB_H 1
| #define HAVE_STRING_H 1
| #define HAVE_MEMORY_H 1
| #define HAVE_STRINGS_H 1
| #define HAVE_INTTYPES_H 1
| #define HAVE_STDINT_H 1
| #define HAVE_UNISTD_H 1
| #define HAVE_JKWEB_COMMON_H 1
| #define HAVE_ARPA_INET_H 1
| #define HAVE_FCNTL_H 1
| #define HAVE_FLOAT_H 1
| #define HAVE_LIMITS_H 1
| #define HAVE_NETDB_H 1
| #define HAVE_NETINET_IN_H 1
| #define HAVE_STDLIB_H 1
| #define HAVE_STRING_H 1
| #define HAVE_STRINGS_H 1
| #define HAVE_SYS_FILE_H 1
| #define HAVE_SYS_SOCKET_H 1
| #define HAVE_SYS_STATVFS_H 1
| #define HAVE_SYS_TIME_H 1
| #define HAVE_SYSLOG_H 1
| #define HAVE_TERMIOS_H 1
| #define HAVE_UNISTD_H 1
| #define HAVE_UTIME_H 1
| #define USE_BAM 1
| #define HAVE__BOOL 1
| #define HAVE_STDBOOL_H 1
| /* end confdefs.h.  */
| #include <stdio.h>
| #ifdef HAVE_SYS_TYPES_H
| # include <sys/types.h>
| #endif
| #ifdef HAVE_SYS_STAT_H
| # include <sys/stat.h>
| #endif
| #ifdef STDC_HEADERS
| # include <stdlib.h>
| # include <stddef.h>
| #else
| # ifdef HAVE_STDLIB_H
| #  include <stdlib.h>
| # endif
| #endif
| #ifdef HAVE_STRING_H
| # if !defined STDC_HEADERS && defined HAVE_MEMORY_H
| #  include <memory.h>
| # endif
| # include <string.h>
| #endif
| #ifdef HAVE_STRINGS_H
| # include <strings.h>
| #endif
| #ifdef HAVE_INTTYPES_H
| # include <inttypes.h>
| #endif
| #ifdef HAVE_STDINT_H
| # include <stdint.h>
| #endif
| #ifdef HAVE_UNISTD_H
| # include <unistd.h>
| #endif
| #include <vfork.h>
configure:5525: result: no
configure:5525: checking vfork.h presence
configure:5525: gcc -E  conftest.c
conftest.c:42:10: fatal error: 'vfork.h' file not found
#include <vfork.h>
         ^
1 error generated.
configure:5525: $? = 1
configure: failed program was:
| /* confdefs.h */
| #define PACKAGE_NAME "bambed"
| #define PACKAGE_TARNAME "bambed"
| #define PACKAGE_VERSION "1.0"
| #define PACKAGE_STRING "bambed 1.0"
| #define PACKAGE_BUGREPORT ""
| #define PACKAGE_URL ""
| #define PACKAGE "bambed"
| #define VERSION "1.0"
| #define STDC_HEADERS 1
| #define HAVE_SYS_TYPES_H 1
| #define HAVE_SYS_STAT_H 1
| #define HAVE_STDLIB_H 1
| #define HAVE_STRING_H 1
| #define HAVE_MEMORY_H 1
| #define HAVE_STRINGS_H 1
| #define HAVE_INTTYPES_H 1
| #define HAVE_STDINT_H 1
| #define HAVE_UNISTD_H 1
| #define HAVE_JKWEB_COMMON_H 1
| #define HAVE_ARPA_INET_H 1
| #define HAVE_FCNTL_H 1
| #define HAVE_FLOAT_H 1
| #define HAVE_LIMITS_H 1
| #define HAVE_NETDB_H 1
| #define HAVE_NETINET_IN_H 1
| #define HAVE_STDLIB_H 1
| #define HAVE_STRING_H 1
| #define HAVE_STRINGS_H 1
| #define HAVE_SYS_FILE_H 1
| #define HAVE_SYS_SOCKET_H 1
| #define HAVE_SYS_STATVFS_H 1
| #define HAVE_SYS_TIME_H 1
| #define HAVE_SYSLOG_H 1
| #define HAVE_TERMIOS_H 1
| #define HAVE_UNISTD_H 1
| #define HAVE_UTIME_H 1
| #define USE_BAM 1
| #define HAVE__BOOL 1
| #define HAVE_STDBOOL_H 1
| /* end confdefs.h.  */
| #include <vfork.h>
configure:5525: result: no
configure:5525: checking for vfork.h
configure:5525: result: no
configure:5538: checking for fork
configure:5538: gcc -o conftest -I/Users/andy/include  -L/Users/andy/lib conftest.c -lbeato -ljkweb -lbam -lhts -lz  >&5
configure:5538: $? = 0
configure:5538: result: yes
configure:5538: checking for vfork
configure:5538: gcc -o conftest -I/Users/andy/include  -L/Users/andy/lib conftest.c -lbeato -ljkweb -lbam -lhts -lz  >&5
conftest.c:66:6: warning: incompatible redeclaration of library function 'vfork' [-Wincompatible-library-redeclaration]
char vfork ();
     ^
conftest.c:66:6: note: 'vfork' is a builtin with type 'int (void)'
1 warning generated.
configure:5538: $? = 0
configure:5538: result: yes
configure:5548: checking for working fork
configure:5570: gcc -o conftest -I/Users/andy/include  -L/Users/andy/lib conftest.c -lbeato -ljkweb -lbam -lhts -lz  >&5
configure:5570: $? = 0
configure:5570: ./conftest
configure:5570: $? = 0
configure:5580: result: yes
configure:5601: checking for working vfork
configure:5711: result: yes
configure:5736: checking for _LARGEFILE_SOURCE value needed for large files
configure:5755: gcc -o conftest -I/Users/andy/include  -L/Users/andy/lib conftest.c -lbeato -ljkweb -lbam -lhts -lz  >&5
configure:5755: $? = 0
configure:5783: result: no
configure:5806: checking for stdlib.h
configure:5806: result: yes
configure:5816: checking for GNU libc compatible malloc
configure:5840: gcc -o conftest -I/Users/andy/include  -L/Users/andy/lib conftest.c -lbeato -ljkweb -lbam -lhts -lz  >&5
configure:5840: $? = 0
configure:5840: ./conftest
configure:5840: $? = 0
configure:5850: result: yes
configure:5871: checking whether time.h and sys/time.h may both be included
configure:5891: gcc -c -I/Users/andy/include  conftest.c >&5
configure:5891: $? = 0
configure:5898: result: yes
configure:5912: checking for sys/time.h
configure:5912: result: yes
configure:5912: checking for unistd.h
configure:5912: result: yes
configure:5912: checking for stdlib.h
configure:5912: result: yes
configure:5912: checking for sys/param.h
configure:5912: gcc -c -I/Users/andy/include  conftest.c >&5
configure:5912: $? = 0
configure:5912: result: yes
configure:5933: checking for alarm
configure:5933: gcc -o conftest -I/Users/andy/include  -L/Users/andy/lib conftest.c -lbeato -ljkweb -lbam -lhts -lz  >&5
configure:5933: $? = 0
configure:5933: result: yes
configure:5946: checking for working mktime
configure:6148: gcc -o conftest -I/Users/andy/include  -L/Users/andy/lib conftest.c -lbeato -ljkweb -lbam -lhts -lz  >&5
configure:6148: $? = 0
configure:6148: ./conftest
configure:6148: $? = 1
configure: program exited with status 1
configure: failed program was:
| /* confdefs.h */
| #define PACKAGE_NAME "bambed"
| #define PACKAGE_TARNAME "bambed"
| #define PACKAGE_VERSION "1.0"
| #define PACKAGE_STRING "bambed 1.0"
| #define PACKAGE_BUGREPORT ""
| #define PACKAGE_URL ""
| #define PACKAGE "bambed"
| #define VERSION "1.0"
| #define STDC_HEADERS 1
| #define HAVE_SYS_TYPES_H 1
| #define HAVE_SYS_STAT_H 1
| #define HAVE_STDLIB_H 1
| #define HAVE_STRING_H 1
| #define HAVE_MEMORY_H 1
| #define HAVE_STRINGS_H 1
| #define HAVE_INTTYPES_H 1
| #define HAVE_STDINT_H 1
| #define HAVE_UNISTD_H 1
| #define HAVE_JKWEB_COMMON_H 1
| #define HAVE_ARPA_INET_H 1
| #define HAVE_FCNTL_H 1
| #define HAVE_FLOAT_H 1
| #define HAVE_LIMITS_H 1
| #define HAVE_NETDB_H 1
| #define HAVE_NETINET_IN_H 1
| #define HAVE_STDLIB_H 1
| #define HAVE_STRING_H 1
| #define HAVE_STRINGS_H 1
| #define HAVE_SYS_FILE_H 1
| #define HAVE_SYS_SOCKET_H 1
| #define HAVE_SYS_STATVFS_H 1
| #define HAVE_SYS_TIME_H 1
| #define HAVE_SYSLOG_H 1
| #define HAVE_TERMIOS_H 1
| #define HAVE_UNISTD_H 1
| #define HAVE_UTIME_H 1
| #define USE_BAM 1
| #define HAVE__BOOL 1
| #define HAVE_STDBOOL_H 1
| #define HAVE_FORK 1
| #define HAVE_VFORK 1
| #define HAVE_WORKING_VFORK 1
| #define HAVE_WORKING_FORK 1
| #define HAVE_FSEEKO 1
| #define HAVE_STDLIB_H 1
| #define HAVE_MALLOC 1
| #define TIME_WITH_SYS_TIME 1
| #define HAVE_SYS_TIME_H 1
| #define HAVE_UNISTD_H 1
| #define HAVE_STDLIB_H 1
| #define HAVE_SYS_PARAM_H 1
| #define HAVE_ALARM 1
| /* end confdefs.h.  */
| /* Test program from Paul Eggert and Tony Leneis.  */
| #ifdef TIME_WITH_SYS_TIME
| # include <sys/time.h>
| # include <time.h>
| #else
| # ifdef HAVE_SYS_TIME_H
| #  include <sys/time.h>
| # else
| #  include <time.h>
| # endif
| #endif
| 
| #include <limits.h>
| #include <stdlib.h>
| 
| #ifdef HAVE_UNISTD_H
| # include <unistd.h>
| #endif
| 
| #ifndef HAVE_ALARM
| # define alarm(X) /* empty */
| #endif
| 
| /* Work around redefinition to rpl_putenv by other config tests.  */
| #undef putenv
| 
| static time_t time_t_max;
| static time_t time_t_min;
| 
| /* Values we'll use to set the TZ environment variable.  */
| static const char *tz_strings[] = {
|   (const char *) 0, "TZ=GMT0", "TZ=JST-9",
|   "TZ=EST+3EDT+2,M10.1.0/00:00:00,M2.3.0/00:00:00"
| };
| #define N_STRINGS (sizeof (tz_strings) / sizeof (tz_strings[0]))
| 
| /* Return 0 if mktime fails to convert a date in the spring-forward gap.
|    Based on a problem report from Andreas Jaeger.  */
| static int
| spring_forward_gap ()
| {
|   /* glibc (up to about 1998-10-07) failed this test. */
|   struct tm tm;
| 
|   /* Use the portable POSIX.1 specification "TZ=PST8PDT,M4.1.0,M10.5.0"
|      instead of "TZ=America/Vancouver" in order to detect the bug even
|      on systems that don't support the Olson extension, or don't have the
|      full zoneinfo tables installed.  */
|   putenv ((char*) "TZ=PST8PDT,M4.1.0,M10.5.0");
| 
|   tm.tm_year = 98;
|   tm.tm_mon = 3;
|   tm.tm_mday = 5;
|   tm.tm_hour = 2;
|   tm.tm_min = 0;
|   tm.tm_sec = 0;
|   tm.tm_isdst = -1;
|   return mktime (&tm) != (time_t) -1;
| }
| 
| static int
| mktime_test1 (time_t now)
| {
|   struct tm *lt;
|   return ! (lt = localtime (&now)) || mktime (lt) == now;
| }
| 
| static int
| mktime_test (time_t now)
| {
|   return (mktime_test1 (now)
| 	  && mktime_test1 ((time_t) (time_t_max - now))
| 	  && mktime_test1 ((time_t) (time_t_min + now)));
| }
| 
| static int
| irix_6_4_bug ()
| {
|   /* Based on code from Ariel Faigon.  */
|   struct tm tm;
|   tm.tm_year = 96;
|   tm.tm_mon = 3;
|   tm.tm_mday = 0;
|   tm.tm_hour = 0;
|   tm.tm_min = 0;
|   tm.tm_sec = 0;
|   tm.tm_isdst = -1;
|   mktime (&tm);
|   return tm.tm_mon == 2 && tm.tm_mday == 31;
| }
| 
| static int
| bigtime_test (int j)
| {
|   struct tm tm;
|   time_t now;
|   tm.tm_year = tm.tm_mon = tm.tm_mday = tm.tm_hour = tm.tm_min = tm.tm_sec = j;
|   now = mktime (&tm);
|   if (now != (time_t) -1)
|     {
|       struct tm *lt = localtime (&now);
|       if (! (lt
| 	     && lt->tm_year == tm.tm_year
| 	     && lt->tm_mon == tm.tm_mon
| 	     && lt->tm_mday == tm.tm_mday
| 	     && lt->tm_hour == tm.tm_hour
| 	     && lt->tm_min == tm.tm_min
| 	     && lt->tm_sec == tm.tm_sec
| 	     && lt->tm_yday == tm.tm_yday
| 	     && lt->tm_wday == tm.tm_wday
| 	     && ((lt->tm_isdst < 0 ? -1 : 0 < lt->tm_isdst)
| 		  == (tm.tm_isdst < 0 ? -1 : 0 < tm.tm_isdst))))
| 	return 0;
|     }
|   return 1;
| }
| 
| static int
| year_2050_test ()
| {
|   /* The correct answer for 2050-02-01 00:00:00 in Pacific time,
|      ignoring leap seconds.  */
|   unsigned long int answer = 2527315200UL;
| 
|   struct tm tm;
|   time_t t;
|   tm.tm_year = 2050 - 1900;
|   tm.tm_mon = 2 - 1;
|   tm.tm_mday = 1;
|   tm.tm_hour = tm.tm_min = tm.tm_sec = 0;
|   tm.tm_isdst = -1;
| 
|   /* Use the portable POSIX.1 specification "TZ=PST8PDT,M4.1.0,M10.5.0"
|      instead of "TZ=America/Vancouver" in order to detect the bug even
|      on systems that don't support the Olson extension, or don't have the
|      full zoneinfo tables installed.  */
|   putenv ((char*) "TZ=PST8PDT,M4.1.0,M10.5.0");
| 
|   t = mktime (&tm);
| 
|   /* Check that the result is either a failure, or close enough
|      to the correct answer that we can assume the discrepancy is
|      due to leap seconds.  */
|   return (t == (time_t) -1
| 	  || (0 < t && answer - 120 <= t && t <= answer + 120));
| }
| 
| int
| main ()
| {
|   time_t t, delta;
|   int i, j;
| 
|   /* This test makes some buggy mktime implementations loop.
|      Give up after 60 seconds; a mktime slower than that
|      isn't worth using anyway.  */
|   alarm (60);
| 
|   for (;;)
|     {
|       t = (time_t_max << 1) + 1;
|       if (t <= time_t_max)
| 	break;
|       time_t_max = t;
|     }
|   time_t_min = - ((time_t) ~ (time_t) 0 == (time_t) -1) - time_t_max;
| 
|   delta = time_t_max / 997; /* a suitable prime number */
|   for (i = 0; i < N_STRINGS; i++)
|     {
|       if (tz_strings[i])
| 	putenv ((char*) tz_strings[i]);
| 
|       for (t = 0; t <= time_t_max - delta; t += delta)
| 	if (! mktime_test (t))
| 	  return 1;
|       if (! (mktime_test ((time_t) 1)
| 	     && mktime_test ((time_t) (60 * 60))
| 	     && mktime_test ((time_t) (60 * 60 * 24))))
| 	return 1;
| 
|       for (j = 1; ; j <<= 1)
| 	if (! bigtime_test (j))
| 	  return 1;
| 	else if (INT_MAX / 2 < j)
| 	  break;
|       if (! bigtime_test (INT_MAX))
| 	return 1;
|     }
|   return ! (irix_6_4_bug () && spring_forward_gap () && year_2050_test ());
| }
configure:6158: result: no
configure:6176: checking for getpagesize
configure:6176: gcc -o conftest -I/Users/andy/include  -L/Users/andy/lib conftest.c -lbeato -ljkweb -lbam -lhts -lz  >&5
configure:6176: $? = 0
configure:6176: result: yes
configure:6185: checking for working mmap
configure:6332: gcc -o conftest -I/Users/andy/include  -L/Users/andy/lib conftest.c -lbeato -ljkweb -lbam -lhts -lz  >&5
configure:6332: $? = 0
configure:6332: ./conftest
configure:6332: $? = 0
configure:6342: result: yes
configure:6353: checking for stdlib.h
configure:6353: result: yes
configure:6363: checking for GNU libc compatible realloc
configure:6387: gcc -o conftest -I/Users/andy/include  -L/Users/andy/lib conftest.c -lbeato -ljkweb -lbam -lhts -lz  >&5
configure:6387: $? = 0
configure:6387: ./conftest
configure:6387: $? = 0
configure:6397: result: yes
configure:6418: checking for working strtod
configure:6459: gcc -o conftest -I/Users/andy/include  -L/Users/andy/lib conftest.c -lbeato -ljkweb -lbam -lhts -lz  >&5
configure:6459: $? = 0
configure:6459: ./conftest
configure:6459: $? = 0
configure:6469: result: yes
configure:6534: checking for bzero
configure:6534: gcc -o conftest -I/Users/andy/include  -L/Users/andy/lib conftest.c -lbeato -ljkweb -lbam -lhts -lz  >&5
conftest.c:82:6: warning: incompatible redeclaration of library function 'bzero' [-Wincompatible-library-redeclaration]
char bzero ();
     ^
conftest.c:82:6: note: 'bzero' is a builtin with type 'void (void *, unsigned long)'
1 warning generated.
configure:6534: $? = 0
configure:6534: result: yes
configure:6534: checking for dup2
configure:6534: gcc -o conftest -I/Users/andy/include  -L/Users/andy/lib conftest.c -lbeato -ljkweb -lbam -lhts -lz  >&5
configure:6534: $? = 0
configure:6534: result: yes
configure:6534: checking for floor
configure:6534: gcc -o conftest -I/Users/andy/include  -L/Users/andy/lib conftest.c -lbeato -ljkweb -lbam -lhts -lz  >&5
conftest.c:84:6: warning: incompatible redeclaration of library function 'floor' [-Wincompatible-library-redeclaration]
char floor ();
     ^
conftest.c:84:6: note: 'floor' is a builtin with type 'double (double)'
1 warning generated.
configure:6534: $? = 0
configure:6534: result: yes
configure:6534: checking for getcwd
configure:6534: gcc -o conftest -I/Users/andy/include  -L/Users/andy/lib conftest.c -lbeato -ljkweb -lbam -lhts -lz  >&5
configure:6534: $? = 0
configure:6534: result: yes
configure:6534: checking for gettimeofday
configure:6534: gcc -o conftest -I/Users/andy/include  -L/Users/andy/lib conftest.c -lbeato -ljkweb -lbam -lhts -lz  >&5
configure:6534: $? = 0
configure:6534: result: yes
configure:6534: checking for memmove
configure:6534: gcc -o conftest -I/Users/andy/include  -L/Users/andy/lib conftest.c -lbeato -ljkweb -lbam -lhts -lz  >&5
conftest.c:87:6: warning: incompatible redeclaration of library function 'memmove' [-Wincompatible-library-redeclaration]
char memmove ();
     ^
conftest.c:87:6: note: 'memmove' is a builtin with type 'void *(void *, const void *, unsigned long)'
1 warning generated.
configure:6534: $? = 0
configure:6534: result: yes
configure:6534: checking for memset
configure:6534: gcc -o conftest -I/Users/andy/include  -L/Users/andy/lib conftest.c -lbeato -ljkweb -lbam -lhts -lz  >&5
conftest.c:88:6: warning: incompatible redeclaration of library function 'memset' [-Wincompatible-library-redeclaration]
char memset ();
     ^
conftest.c:88:6: note: 'memset' is a builtin with type 'void *(void *, int, unsigned long)'
1 warning generated.
configure:6534: $? = 0
configure:6534: result: yes
configure:6534: checking for mkdir
configure:6534: gcc -o conftest -I/Users/andy/include  -L/Users/andy/lib conftest.c -lbeato -ljkweb -lbam -lhts -lz  >&5
configure:6534: $? = 0
configure:6534: result: yes
configure:6534: checking for munmap
configure:6534: gcc -o conftest -I/Users/andy/include  -L/Users/andy/lib conftest.c -lbeato -ljkweb -lbam -lhts -lz  >&5
configure:6534: $? = 0
configure:6534: result: yes
configure:6534: checking for pow
configure:6534: gcc -o conftest -I/Users/andy/include  -L/Users/andy/lib conftest.c -lbeato -ljkweb -lbam -lhts -lz  >&5
conftest.c:91:6: warning: incompatible redeclaration of library function 'pow' [-Wincompatible-library-redeclaration]
char pow ();
     ^
conftest.c:91:6: note: 'pow' is a builtin with type 'double (double, double)'
1 warning generated.
configure:6534: $? = 0
configure:6534: result: yes
configure:6534: checking for putenv
configure:6534: gcc -o conftest -I/Users/andy/include  -L/Users/andy/lib conftest.c -lbeato -ljkweb -lbam -lhts -lz  >&5
configure:6534: $? = 0
configure:6534: result: yes
configure:6534: checking for regcomp
configure:6534: gcc -o conftest -I/Users/andy/include  -L/Users/andy/lib conftest.c -lbeato -ljkweb -lbam -lhts -lz  >&5
configure:6534: $? = 0
configure:6534: result: yes
configure:6534: checking for rint
configure:6534: gcc -o conftest -I/Users/andy/include  -L/Users/andy/lib conftest.c -lbeato -ljkweb -lbam -lhts -lz  >&5
conftest.c:94:6: warning: incompatible redeclaration of library function 'rint' [-Wincompatible-library-redeclaration]
char rint ();
     ^
conftest.c:94:6: note: 'rint' is a builtin with type 'double (double)'
1 warning generated.
configure:6534: $? = 0
configure:6534: result: yes
configure:6534: checking for select
configure:6534: gcc -o conftest -I/Users/andy/include  -L/Users/andy/lib conftest.c -lbeato -ljkweb -lbam -lhts -lz  >&5
configure:6534: $? = 0
configure:6534: result: yes
configure:6534: checking for setenv
configure:6534: gcc -o conftest -I/Users/andy/include  -L/Users/andy/lib conftest.c -lbeato -ljkweb -lbam -lhts -lz  >&5
configure:6534: $? = 0
configure:6534: result: yes
configure:6534: checking for socket
configure:6534: gcc -o conftest -I/Users/andy/include  -L/Users/andy/lib conftest.c -lbeato -ljkweb -lbam -lhts -lz  >&5
configure:6534: $? = 0
configure:6534: result: yes
configure:6534: checking for sqrt
configure:6534: gcc -o conftest -I/Users/andy/include  -L/Users/andy/lib conftest.c -lbeato -ljkweb -lbam -lhts -lz  >&5
conftest.c:98:6: warning: incompatible redeclaration of library function 'sqrt' [-Wincompatible-library-redeclaration]
char sqrt ();
     ^
conftest.c:98:6: note: 'sqrt' is a builtin with type 'double (double)'
1 warning generated.
configure:6534: $? = 0
configure:6534: result: yes
configure:6534: checking for strcasecmp
configure:6534: gcc -o conftest -I/Users/andy/include  -L/Users/andy/lib conftest.c -lbeato -ljkweb -lbam -lhts -lz  >&5
conftest.c:99:6: warning: incompatible redeclaration of library function 'strcasecmp' [-Wincompatible-library-redeclaration]
char strcasecmp ();
     ^
conftest.c:99:6: note: 'strcasecmp' is a builtin with type 'int (const char *, const char *)'
1 warning generated.
configure:6534: $? = 0
configure:6534: result: yes
configure:6534: checking for strchr
configure:6534: gcc -o conftest -I/Users/andy/include  -L/Users/andy/lib conftest.c -lbeato -ljkweb -lbam -lhts -lz  >&5
conftest.c:100:6: warning: incompatible redeclaration of library function 'strchr' [-Wincompatible-library-redeclaration]
char strchr ();
     ^
conftest.c:100:6: note: 'strchr' is a builtin with type 'char *(const char *, int)'
1 warning generated.
configure:6534: $? = 0
configure:6534: result: yes
configure:6534: checking for strcspn
configure:6534: gcc -o conftest -I/Users/andy/include  -L/Users/andy/lib conftest.c -lbeato -ljkweb -lbam -lhts -lz  >&5
conftest.c:101:6: warning: incompatible redeclaration of library function 'strcspn' [-Wincompatible-library-redeclaration]
char strcspn ();
     ^
conftest.c:101:6: note: 'strcspn' is a builtin with type 'unsigned long (const char *, const char *)'
1 warning generated.
configure:6534: $? = 0
configure:6534: result: yes
configure:6534: checking for strdup
configure:6534: gcc -o conftest -I/Users/andy/include  -L/Users/andy/lib conftest.c -lbeato -ljkweb -lbam -lhts -lz  >&5
conftest.c:102:6: warning: incompatible redeclaration of library function 'strdup' [-Wincompatible-library-redeclaration]
char strdup ();
     ^
conftest.c:102:6: note: 'strdup' is a builtin with type 'char *(const char *)'
1 warning generated.
configure:6534: $? = 0
configure:6534: result: yes
configure:6534: checking for strerror
configure:6534: gcc -o conftest -I/Users/andy/include  -L/Users/andy/lib conftest.c -lbeato -ljkweb -lbam -lhts -lz  >&5
conftest.c:103:6: warning: incompatible redeclaration of library function 'strerror' [-Wincompatible-library-redeclaration]
char strerror ();
     ^
conftest.c:103:6: note: 'strerror' is a builtin with type 'char *(int)'
1 warning generated.
configure:6534: $? = 0
configure:6534: result: yes
configure:6534: checking for strrchr
configure:6534: gcc -o conftest -I/Users/andy/include  -L/Users/andy/lib conftest.c -lbeato -ljkweb -lbam -lhts -lz  >&5
conftest.c:104:6: warning: incompatible redeclaration of library function 'strrchr' [-Wincompatible-library-redeclaration]
char strrchr ();
     ^
conftest.c:104:6: note: 'strrchr' is a builtin with type 'char *(const char *, int)'
1 warning generated.
configure:6534: $? = 0
configure:6534: result: yes
configure:6534: checking for strspn
configure:6534: gcc -o conftest -I/Users/andy/include  -L/Users/andy/lib conftest.c -lbeato -ljkweb -lbam -lhts -lz  >&5
conftest.c:105:6: warning: incompatible redeclaration of library function 'strspn' [-Wincompatible-library-redeclaration]
char strspn ();
     ^
conftest.c:105:6: note: 'strspn' is a builtin with type 'unsigned long (const char *, const char *)'
1 warning generated.
configure:6534: $? = 0
configure:6534: result: yes
configure:6534: checking for strstr
configure:6534: gcc -o conftest -I/Users/andy/include  -L/Users/andy/lib conftest.c -lbeato -ljkweb -lbam -lhts -lz  >&5
conftest.c:106:6: warning: incompatible redeclaration of library function 'strstr' [-Wincompatible-library-redeclaration]
char strstr ();
     ^
conftest.c:106:6: note: 'strstr' is a builtin with type 'char *(const char *, const char *)'
1 warning generated.
configure:6534: $? = 0
configure:6534: result: yes
configure:6534: checking for strtol
configure:6534: gcc -o conftest -I/Users/andy/include  -L/Users/andy/lib conftest.c -lbeato -ljkweb -lbam -lhts -lz  >&5
configure:6534: $? = 0
configure:6534: result: yes
configure:6534: checking for tzset
configure:6534: gcc -o conftest -I/Users/andy/include  -L/Users/andy/lib conftest.c -lbeato -ljkweb -lbam -lhts -lz  >&5
configure:6534: $? = 0
configure:6534: result: yes
configure:6534: checking for uname
configure:6534: gcc -o conftest -I/Users/andy/include  -L/Users/andy/lib conftest.c -lbeato -ljkweb -lbam -lhts -lz  >&5
configure:6534: $? = 0
configure:6534: result: yes
configure:6534: checking for utime
configure:6534: gcc -o conftest -I/Users/andy/include  -L/Users/andy/lib conftest.c -lbeato -ljkweb -lbam -lhts -lz  >&5
configure:6534: $? = 0
configure:6534: result: yes
configure:6656: checking that generated files are newer than configure
configure:6662: result: done
configure:6689: creating ./config.status

## ---------------------- ##
## Running config.status. ##
## ---------------------- ##

This file was extended by bambed config.status 1.0, which was
generated by GNU Autoconf 2.69.  Invocation command line was

  CONFIG_FILES    = 
  CONFIG_HEADERS  = 
  CONFIG_LINKS    = 
  CONFIG_COMMANDS = 
  $ ./config.status 

on Sneezer.local

config.status:937: creating Makefile
config.status:937: creating config.h
config.status:1166: executing depfiles commands

## ---------------- ##
## Cache variables. ##
## ---------------- ##

ac_cv_build=x86_64-apple-darwin13.1.0
ac_cv_c_compiler_gnu=yes
ac_cv_c_inline=inline
ac_cv_c_int16_t=yes
ac_cv_c_int32_t=yes
ac_cv_c_int64_t=yes
ac_cv_c_int8_t=yes
ac_cv_c_uint16_t=yes
ac_cv_c_uint32_t=yes
ac_cv_c_uint8_t=yes
ac_cv_env_CC_set=
ac_cv_env_CC_value=
ac_cv_env_CFLAGS_set=set
ac_cv_env_CFLAGS_value=-I/Users/andy/include
ac_cv_env_CPPFLAGS_set=
ac_cv_env_CPPFLAGS_value=
ac_cv_env_CPP_set=
ac_cv_env_CPP_value=
ac_cv_env_LDFLAGS_set=set
ac_cv_env_LDFLAGS_value=-L/Users/andy/lib
ac_cv_env_LIBS_set=
ac_cv_env_LIBS_value=
ac_cv_env_build_alias_set=
ac_cv_env_build_alias_value=
ac_cv_env_host_alias_set=
ac_cv_env_host_alias_value=
ac_cv_env_target_alias_set=
ac_cv_env_target_alias_value=
ac_cv_func_alarm=yes
ac_cv_func_bzero=yes
ac_cv_func_dup2=yes
ac_cv_func_floor=yes
ac_cv_func_fork=yes
ac_cv_func_fork_works=yes
ac_cv_func_getcwd=yes
ac_cv_func_getpagesize=yes
ac_cv_func_gettimeofday=yes
ac_cv_func_malloc_0_nonnull=yes
ac_cv_func_memmove=yes
ac_cv_func_memset=yes
ac_cv_func_mkdir=yes
ac_cv_func_mmap_fixed_mapped=yes
ac_cv_func_munmap=yes
ac_cv_func_pow=yes
ac_cv_func_putenv=yes
ac_cv_func_realloc_0_nonnull=yes
ac_cv_func_regcomp=yes
ac_cv_func_rint=yes
ac_cv_func_select=yes
ac_cv_func_setenv=yes
ac_cv_func_socket=yes
ac_cv_func_sqrt=yes
ac_cv_func_strcasecmp=yes
ac_cv_func_strchr=yes
ac_cv_func_strcspn=yes
ac_cv_func_strdup=yes
ac_cv_func_strerror=yes
ac_cv_func_strrchr=yes
ac_cv_func_strspn=yes
ac_cv_func_strstr=yes
ac_cv_func_strtod=yes
ac_cv_func_strtol=yes
ac_cv_func_tzset=yes
ac_cv_func_uname=yes
ac_cv_func_utime=yes
ac_cv_func_vfork=yes
ac_cv_func_vfork_works=yes
ac_cv_func_working_mktime=no
ac_cv_header_arpa_inet_h=yes
ac_cv_header_beato_bigs_h=no
ac_cv_header_fcntl_h=yes
ac_cv_header_float_h=yes
ac_cv_header_inttypes_h=yes
ac_cv_header_jkweb_common_h=yes
ac_cv_header_limits_h=yes
ac_cv_header_memory_h=yes
ac_cv_header_netdb_h=yes
ac_cv_header_netinet_in_h=yes
ac_cv_header_stdbool_h=yes
ac_cv_header_stdc=yes
ac_cv_header_stdint_h=yes
ac_cv_header_stdlib_h=yes
ac_cv_header_string_h=yes
ac_cv_header_strings_h=yes
ac_cv_header_sys_file_h=yes
ac_cv_header_sys_param_h=yes
ac_cv_header_sys_socket_h=yes
ac_cv_header_sys_stat_h=yes
ac_cv_header_sys_statvfs_h=yes
ac_cv_header_sys_time_h=yes
ac_cv_header_sys_types_h=yes
ac_cv_header_syslog_h=yes
ac_cv_header_termios_h=yes
ac_cv_header_time=yes
ac_cv_header_unistd_h=yes
ac_cv_header_utime_h=yes
ac_cv_header_vfork_h=no
ac_cv_host=x86_64-apple-darwin13.1.0
ac_cv_objext=o
ac_cv_path_EGREP='/usr/bin/grep -E'
ac_cv_path_GREP=/usr/bin/grep
ac_cv_path_install='/usr/bin/install -c'
ac_cv_prog_AWK=awk
ac_cv_prog_CPP='gcc -E'
ac_cv_prog_ac_ct_CC=gcc
ac_cv_prog_ac_ct_RANLIB=ranlib
ac_cv_prog_cc_c89=
ac_cv_prog_cc_g=yes
ac_cv_prog_make_make_set=yes
ac_cv_search_bam_fetch=-lbam
ac_cv_search_hts_parse_reg=-lhts
ac_cv_search_pow='none required'
ac_cv_search_zlibVersion=-lz
ac_cv_sys_file_offset_bits=no
ac_cv_sys_largefile_CC=no
ac_cv_sys_largefile_source=no
ac_cv_target=x86_64-apple-darwin13.1.0
ac_cv_type__Bool=yes
ac_cv_type_off_t=yes
ac_cv_type_pid_t=yes
ac_cv_type_size_t=yes
ac_cv_type_ssize_t=yes
ac_cv_type_uid_t=yes
am_cv_CC_dependencies_compiler_type=gcc3
am_cv_make_support_nested_variables=yes
am_cv_prog_cc_c_o=yes

## ----------------- ##
## Output variables. ##
## ----------------- ##

ACLOCAL='${SHELL} /Users/andy/bambed/missing aclocal-1.14'
AMDEPBACKSLASH='\'
AMDEP_FALSE='#'
AMDEP_TRUE=''
AMTAR='$${TAR-tar}'
AM_BACKSLASH='\'
AM_DEFAULT_V='$(AM_DEFAULT_VERBOSITY)'
AM_DEFAULT_VERBOSITY='1'
AM_V='$(V)'
AUTOCONF='${SHELL} /Users/andy/bambed/missing autoconf'
AUTOHEADER='${SHELL} /Users/andy/bambed/missing autoheader'
AUTOMAKE='${SHELL} /Users/andy/bambed/missing automake-1.14'
AWK='awk'
CC='gcc'
CCDEPMODE='depmode=gcc3'
CFLAGS='-I/Users/andy/include'
CPP='gcc -E'
CPPFLAGS=''
CYGPATH_W='echo'
DEFS='-DHAVE_CONFIG_H'
DEPDIR='.deps'
ECHO_C='\c'
ECHO_N=''
ECHO_T=''
EGREP='/usr/bin/grep -E'
EXEEXT=''
GREP='/usr/bin/grep'
INSTALL_DATA='${INSTALL} -m 644'
INSTALL_PROGRAM='${INSTALL}'
INSTALL_SCRIPT='${INSTALL}'
INSTALL_STRIP_PROGRAM='$(install_sh) -c -s'
LDFLAGS='-L/Users/andy/lib'
LIBOBJS=' ${LIBOBJDIR}mktime$U.o'
LIBS='-lbeato -ljkweb -lbam -lhts -lz '
LTLIBOBJS=' ${LIBOBJDIR}mktime$U.lo'
MACHTYPE_WARN='-Wall -Wformat -Wimplicit -Wreturn-type -Wuninitialized'
MAINT='#'
MAINTAINER_MODE_FALSE=''
MAINTAINER_MODE_TRUE='#'
MAKEINFO='${SHELL} /Users/andy/bambed/missing makeinfo'
MKDIR_P='./install-sh -c -d'
OBJEXT='o'
PACKAGE='bambed'
PACKAGE_BUGREPORT=''
PACKAGE_NAME='bambed'
PACKAGE_STRING='bambed 1.0'
PACKAGE_TARNAME='bambed'
PACKAGE_URL=''
PACKAGE_VERSION='1.0'
PATH_SEPARATOR=':'
POW_LIB=''
RANLIB='ranlib'
SET_MAKE=''
SHELL='/bin/sh'
STRIP=''
VERSION='1.0'
ac_ct_CC='gcc'
am__EXEEXT_FALSE=''
am__EXEEXT_TRUE='#'
am__fastdepCC_FALSE='#'
am__fastdepCC_TRUE=''
am__include='include'
am__isrc=''
am__leading_dot='.'
am__nodep='_no'
am__quote=''
am__tar='$${TAR-tar} chof - "$$tardir"'
am__untar='$${TAR-tar} xf -'
bindir='${exec_prefix}/bin'
build='x86_64-apple-darwin13.1.0'
build_alias=''
build_cpu='x86_64'
build_os='darwin13.1.0'
build_vendor='apple'
datadir='${datarootdir}'
datarootdir='${prefix}/share'
docdir='${datarootdir}/doc/${PACKAGE_TARNAME}'
dvidir='${docdir}'
exec_prefix='${prefix}'
host='x86_64-apple-darwin13.1.0'
host_alias=''
host_cpu='x86_64'
host_os='darwin13.1.0'
host_vendor='apple'
htmldir='${docdir}'
includedir='${prefix}/include'
infodir='${datarootdir}/info'
install_sh='${SHELL} /Users/andy/bambed/install-sh'
libdir='${exec_prefix}/lib'
libexecdir='${exec_prefix}/libexec'
localedir='${datarootdir}/locale'
localstatedir='${prefix}/var'
mandir='${datarootdir}/man'
mkdir_p='$(MKDIR_P)'
oldincludedir='/usr/include'
pdfdir='${docdir}'
prefix='/Users/andy'
program_transform_name='s,x,x,'
psdir='${docdir}'
sbindir='${exec_prefix}/sbin'
sharedstatedir='${prefix}/com'
sysconfdir='${prefix}/etc'
target='x86_64-apple-darwin13.1.0'
target_alias=''
target_cpu='x86_64'
target_os='darwin13.1.0'
target_vendor='apple'

## ----------- ##
## confdefs.h. ##
## ----------- ##

/* confdefs.h */
#define PACKAGE_NAME "bambed"
#define PACKAGE_TARNAME "bambed"
#define PACKAGE_VERSION "1.0"
#define PACKAGE_STRING "bambed 1.0"
#define PACKAGE_BUGREPORT ""
#define PACKAGE_URL ""
#define PACKAGE "bambed"
#define VERSION "1.0"
#define STDC_HEADERS 1
#define HAVE_SYS_TYPES_H 1
#define HAVE_SYS_STAT_H 1
#define HAVE_STDLIB_H 1
#define HAVE_STRING_H 1
#define HAVE_MEMORY_H 1
#define HAVE_STRINGS_H 1
#define HAVE_INTTYPES_H 1
#define HAVE_STDINT_H 1
#define HAVE_UNISTD_H 1
#define HAVE_JKWEB_COMMON_H 1
#define HAVE_ARPA_INET_H 1
#define HAVE_FCNTL_H 1
#define HAVE_FLOAT_H 1
#define HAVE_LIMITS_H 1
#define HAVE_NETDB_H 1
#define HAVE_NETINET_IN_H 1
#define HAVE_STDLIB_H 1
#define HAVE_STRING_H 1
#define HAVE_STRINGS_H 1
#define HAVE_SYS_FILE_H 1
#define HAVE_SYS_SOCKET_H 1
#define HAVE_SYS_STATVFS_H 1
#define HAVE_SYS_TIME_H 1
#define HAVE_SYSLOG_H 1
#define HAVE_TERMIOS_H 1
#define HAVE_UNISTD_H 1
#define HAVE_UTIME_H 1
#define USE_BAM 1
#define HAVE__BOOL 1
#define HAVE_STDBOOL_H 1
#define HAVE_FORK 1
#define HAVE_VFORK 1
#define HAVE_WORKING_VFORK 1
#define HAVE_WORKING_FORK 1
#define HAVE_FSEEKO 1
#define HAVE_STDLIB_H 1
#define HAVE_MALLOC 1
#define TIME_WITH_SYS_TIME 1
#define HAVE_SYS_TIME_H 1
#define HAVE_UNISTD_H 1
#define HAVE_STDLIB_H 1
#define HAVE_SYS_PARAM_H 1
#define HAVE_ALARM 1
#define HAVE_GETPAGESIZE 1
#define HAVE_MMAP 1
#define HAVE_STDLIB_H 1
#define HAVE_REALLOC 1
#define HAVE_BZERO 1
#define HAVE_DUP2 1
#define HAVE_FLOOR 1
#define HAVE_GETCWD 1
#define HAVE_GETTIMEOFDAY 1
#define HAVE_MEMMOVE 1
#define HAVE_MEMSET 1
#define HAVE_MKDIR 1
#define HAVE_MUNMAP 1
#define HAVE_POW 1
#define HAVE_PUTENV 1
#define HAVE_REGCOMP 1
#define HAVE_RINT 1
#define HAVE_SELECT 1
#define HAVE_SETENV 1
#define HAVE_SOCKET 1
#define HAVE_SQRT 1
#define HAVE_STRCASECMP 1
#define HAVE_STRCHR 1
#define HAVE_STRCSPN 1
#define HAVE_STRDUP 1
#define HAVE_STRERROR 1
#define HAVE_STRRCHR 1
#define HAVE_STRSPN 1
#define HAVE_STRSTR 1
#define HAVE_STRTOL 1
#define HAVE_TZSET 1
#define HAVE_UNAME 1
#define HAVE_UTIME 1

configure: exit 0
